Copyright 1986-2022 Xilinx, Inc. All Rights Reserved. Copyright 2022-2023 Advanced Micro Devices, Inc. All Rights Reserved.
--------------------------------------------------------------------------------------------------------------------------------------------------------------------------------------
| Tool Version : Vivado v.2023.1 (win64) Build 3865809 Sun May  7 15:05:29 MDT 2023
| Date         : Tue Feb 20 20:30:20 2024
| Host         : LAPTOP-NS7LM8D6 running 64-bit major release  (build 9200)
| Command      : report_methodology -file design_1_wrapper_methodology_drc_routed.rpt -pb design_1_wrapper_methodology_drc_routed.pb -rpx design_1_wrapper_methodology_drc_routed.rpx
| Design       : design_1_wrapper
| Device       : xczu3eg-sbva484-1-i
| Speed File   : -1
| Design State : Fully Routed
--------------------------------------------------------------------------------------------------------------------------------------------------------------------------------------

Report Methodology

Table of Contents
-----------------
1. REPORT SUMMARY
2. REPORT DETAILS

1. REPORT SUMMARY
-----------------
            Netlist: netlist
          Floorplan: design_1
      Design limits: <entire design considered>
             Max violations: <unlimited>
             Violations found: 132
+-----------+----------+--------------------------------+------------+
| Rule      | Severity | Description                    | Violations |
+-----------+----------+--------------------------------+------------+
| LUTAR-1   | Warning  | LUT drives async reset alert   | 3          |
| TIMING-20 | Warning  | Non-clocked latch              | 128        |
| LATCH-1   | Advisory | Existing latches in the design | 1          |
+-----------+----------+--------------------------------+------------+

2. REPORT DETAILS
-----------------
LUTAR-1#1 Warning
LUT drives async reset alert  
LUT cell design_1_i/axi_interconnect_0/s00_couplers/auto_ds/inst/gen_downsizer.gen_simple_downsizer.axi_downsizer_inst/USE_READ.read_addr_inst/cmd_queue/inst/fifo_gen_inst/inst_fifo_gen/gconvfifo.rf/grf.rf/rstblk/gpregsm1.curr_fwft_state[1]_i_2, with 2 or more inputs, drives asynchronous preset/clear pin(s) design_1_i/axi_interconnect_0/s00_couplers/auto_ds/inst/gen_downsizer.gen_simple_downsizer.axi_downsizer_inst/USE_READ.read_addr_inst/cmd_queue/inst/fifo_gen_inst/inst_fifo_gen/gconvfifo.rf/grf.rf/gntv_or_sync_fifo.gl0.rd/gr1.gr1_int.rfwft/gpregsm1.user_valid_reg/CLR,
design_1_i/axi_interconnect_0/s00_couplers/auto_ds/inst/gen_downsizer.gen_simple_downsizer.axi_downsizer_inst/USE_READ.read_addr_inst/cmd_queue/inst/fifo_gen_inst/inst_fifo_gen/gconvfifo.rf/grf.rf/gntv_or_sync_fifo.gl0.rd/grss.rsts/ram_empty_fb_i_reg/PRE,
design_1_i/axi_interconnect_0/s00_couplers/auto_ds/inst/gen_downsizer.gen_simple_downsizer.axi_downsizer_inst/USE_READ.read_addr_inst/cmd_queue/inst/fifo_gen_inst/inst_fifo_gen/gconvfifo.rf/grf.rf/gntv_or_sync_fifo.gl0.rd/grss.rsts/ram_empty_i_reg/PRE,
design_1_i/axi_interconnect_0/s00_couplers/auto_ds/inst/gen_downsizer.gen_simple_downsizer.axi_downsizer_inst/USE_READ.read_addr_inst/cmd_queue/inst/fifo_gen_inst/inst_fifo_gen/gconvfifo.rf/grf.rf/gntv_or_sync_fifo.gl0.wr/gwss.wsts/ram_full_fb_i_reg/CLR,
design_1_i/axi_interconnect_0/s00_couplers/auto_ds/inst/gen_downsizer.gen_simple_downsizer.axi_downsizer_inst/USE_READ.read_addr_inst/cmd_queue/inst/fifo_gen_inst/inst_fifo_gen/gconvfifo.rf/grf.rf/gntv_or_sync_fifo.gl0.wr/gwss.wsts/ram_full_i_reg/CLR,
design_1_i/axi_interconnect_0/s00_couplers/auto_ds/inst/gen_downsizer.gen_simple_downsizer.axi_downsizer_inst/USE_READ.read_addr_inst/cmd_queue/inst/fifo_gen_inst/inst_fifo_gen/gconvfifo.rf/grf.rf/gntv_or_sync_fifo.gl0.wr/wpntr/gcc0.gc0.count_d1_reg[0]/CLR,
design_1_i/axi_interconnect_0/s00_couplers/auto_ds/inst/gen_downsizer.gen_simple_downsizer.axi_downsizer_inst/USE_READ.read_addr_inst/cmd_queue/inst/fifo_gen_inst/inst_fifo_gen/gconvfifo.rf/grf.rf/gntv_or_sync_fifo.gl0.wr/wpntr/gcc0.gc0.count_d1_reg[1]/CLR,
design_1_i/axi_interconnect_0/s00_couplers/auto_ds/inst/gen_downsizer.gen_simple_downsizer.axi_downsizer_inst/USE_READ.read_addr_inst/cmd_queue/inst/fifo_gen_inst/inst_fifo_gen/gconvfifo.rf/grf.rf/gntv_or_sync_fifo.gl0.wr/wpntr/gcc0.gc0.count_d1_reg[2]/CLR,
design_1_i/axi_interconnect_0/s00_couplers/auto_ds/inst/gen_downsizer.gen_simple_downsizer.axi_downsizer_inst/USE_READ.read_addr_inst/cmd_queue/inst/fifo_gen_inst/inst_fifo_gen/gconvfifo.rf/grf.rf/gntv_or_sync_fifo.gl0.wr/wpntr/gcc0.gc0.count_d1_reg[3]/CLR,
design_1_i/axi_interconnect_0/s00_couplers/auto_ds/inst/gen_downsizer.gen_simple_downsizer.axi_downsizer_inst/USE_READ.read_addr_inst/cmd_queue/inst/fifo_gen_inst/inst_fifo_gen/gconvfifo.rf/grf.rf/gntv_or_sync_fifo.gl0.wr/wpntr/gcc0.gc0.count_d1_reg[4]/CLR,
design_1_i/axi_interconnect_0/s00_couplers/auto_ds/inst/gen_downsizer.gen_simple_downsizer.axi_downsizer_inst/USE_READ.read_addr_inst/cmd_queue/inst/fifo_gen_inst/inst_fifo_gen/gconvfifo.rf/grf.rf/gntv_or_sync_fifo.gl0.wr/wpntr/gcc0.gc0.count_reg[0]/PRE,
design_1_i/axi_interconnect_0/s00_couplers/auto_ds/inst/gen_downsizer.gen_simple_downsizer.axi_downsizer_inst/USE_READ.read_addr_inst/cmd_queue/inst/fifo_gen_inst/inst_fifo_gen/gconvfifo.rf/grf.rf/gntv_or_sync_fifo.gl0.wr/wpntr/gcc0.gc0.count_reg[1]/CLR,
design_1_i/axi_interconnect_0/s00_couplers/auto_ds/inst/gen_downsizer.gen_simple_downsizer.axi_downsizer_inst/USE_READ.read_addr_inst/cmd_queue/inst/fifo_gen_inst/inst_fifo_gen/gconvfifo.rf/grf.rf/gntv_or_sync_fifo.gl0.wr/wpntr/gcc0.gc0.count_reg[2]/CLR,
design_1_i/axi_interconnect_0/s00_couplers/auto_ds/inst/gen_downsizer.gen_simple_downsizer.axi_downsizer_inst/USE_READ.read_addr_inst/cmd_queue/inst/fifo_gen_inst/inst_fifo_gen/gconvfifo.rf/grf.rf/gntv_or_sync_fifo.gl0.wr/wpntr/gcc0.gc0.count_reg[3]/CLR,
design_1_i/axi_interconnect_0/s00_couplers/auto_ds/inst/gen_downsizer.gen_simple_downsizer.axi_downsizer_inst/USE_READ.read_addr_inst/cmd_queue/inst/fifo_gen_inst/inst_fifo_gen/gconvfifo.rf/grf.rf/gntv_or_sync_fifo.gl0.wr/wpntr/gcc0.gc0.count_reg[4]/CLR
 (the first 15 of 32 listed). The LUT may glitch and trigger an unexpected reset, even if it is a properly timed path.
Related violations: <none>

LUTAR-1#2 Warning
LUT drives async reset alert  
LUT cell design_1_i/axi_interconnect_0/s00_couplers/auto_ds/inst/gen_downsizer.gen_simple_downsizer.axi_downsizer_inst/USE_WRITE.write_addr_inst/USE_B_CHANNEL.cmd_b_queue/inst/fifo_gen_inst/inst_fifo_gen/gconvfifo.rf/grf.rf/rstblk/gpregsm1.curr_fwft_state[1]_i_2, with 2 or more inputs, drives asynchronous preset/clear pin(s) design_1_i/axi_interconnect_0/s00_couplers/auto_ds/inst/gen_downsizer.gen_simple_downsizer.axi_downsizer_inst/USE_WRITE.write_addr_inst/USE_B_CHANNEL.cmd_b_queue/inst/fifo_gen_inst/inst_fifo_gen/gconvfifo.rf/grf.rf/gntv_or_sync_fifo.gl0.rd/gr1.gr1_int.rfwft/gpregsm1.user_valid_reg/CLR,
design_1_i/axi_interconnect_0/s00_couplers/auto_ds/inst/gen_downsizer.gen_simple_downsizer.axi_downsizer_inst/USE_WRITE.write_addr_inst/USE_B_CHANNEL.cmd_b_queue/inst/fifo_gen_inst/inst_fifo_gen/gconvfifo.rf/grf.rf/gntv_or_sync_fifo.gl0.rd/grss.rsts/ram_empty_fb_i_reg/PRE,
design_1_i/axi_interconnect_0/s00_couplers/auto_ds/inst/gen_downsizer.gen_simple_downsizer.axi_downsizer_inst/USE_WRITE.write_addr_inst/USE_B_CHANNEL.cmd_b_queue/inst/fifo_gen_inst/inst_fifo_gen/gconvfifo.rf/grf.rf/gntv_or_sync_fifo.gl0.rd/grss.rsts/ram_empty_i_reg/PRE,
design_1_i/axi_interconnect_0/s00_couplers/auto_ds/inst/gen_downsizer.gen_simple_downsizer.axi_downsizer_inst/USE_WRITE.write_addr_inst/USE_B_CHANNEL.cmd_b_queue/inst/fifo_gen_inst/inst_fifo_gen/gconvfifo.rf/grf.rf/gntv_or_sync_fifo.gl0.wr/gwss.wsts/ram_full_fb_i_reg/CLR,
design_1_i/axi_interconnect_0/s00_couplers/auto_ds/inst/gen_downsizer.gen_simple_downsizer.axi_downsizer_inst/USE_WRITE.write_addr_inst/USE_B_CHANNEL.cmd_b_queue/inst/fifo_gen_inst/inst_fifo_gen/gconvfifo.rf/grf.rf/gntv_or_sync_fifo.gl0.wr/gwss.wsts/ram_full_i_reg/CLR,
design_1_i/axi_interconnect_0/s00_couplers/auto_ds/inst/gen_downsizer.gen_simple_downsizer.axi_downsizer_inst/USE_WRITE.write_addr_inst/USE_B_CHANNEL.cmd_b_queue/inst/fifo_gen_inst/inst_fifo_gen/gconvfifo.rf/grf.rf/gntv_or_sync_fifo.gl0.wr/wpntr/gcc0.gc0.count_d1_reg[0]/CLR,
design_1_i/axi_interconnect_0/s00_couplers/auto_ds/inst/gen_downsizer.gen_simple_downsizer.axi_downsizer_inst/USE_WRITE.write_addr_inst/USE_B_CHANNEL.cmd_b_queue/inst/fifo_gen_inst/inst_fifo_gen/gconvfifo.rf/grf.rf/gntv_or_sync_fifo.gl0.wr/wpntr/gcc0.gc0.count_d1_reg[1]/CLR,
design_1_i/axi_interconnect_0/s00_couplers/auto_ds/inst/gen_downsizer.gen_simple_downsizer.axi_downsizer_inst/USE_WRITE.write_addr_inst/USE_B_CHANNEL.cmd_b_queue/inst/fifo_gen_inst/inst_fifo_gen/gconvfifo.rf/grf.rf/gntv_or_sync_fifo.gl0.wr/wpntr/gcc0.gc0.count_d1_reg[2]/CLR,
design_1_i/axi_interconnect_0/s00_couplers/auto_ds/inst/gen_downsizer.gen_simple_downsizer.axi_downsizer_inst/USE_WRITE.write_addr_inst/USE_B_CHANNEL.cmd_b_queue/inst/fifo_gen_inst/inst_fifo_gen/gconvfifo.rf/grf.rf/gntv_or_sync_fifo.gl0.wr/wpntr/gcc0.gc0.count_d1_reg[3]/CLR,
design_1_i/axi_interconnect_0/s00_couplers/auto_ds/inst/gen_downsizer.gen_simple_downsizer.axi_downsizer_inst/USE_WRITE.write_addr_inst/USE_B_CHANNEL.cmd_b_queue/inst/fifo_gen_inst/inst_fifo_gen/gconvfifo.rf/grf.rf/gntv_or_sync_fifo.gl0.wr/wpntr/gcc0.gc0.count_d1_reg[4]/CLR,
design_1_i/axi_interconnect_0/s00_couplers/auto_ds/inst/gen_downsizer.gen_simple_downsizer.axi_downsizer_inst/USE_WRITE.write_addr_inst/USE_B_CHANNEL.cmd_b_queue/inst/fifo_gen_inst/inst_fifo_gen/gconvfifo.rf/grf.rf/gntv_or_sync_fifo.gl0.wr/wpntr/gcc0.gc0.count_reg[0]/PRE,
design_1_i/axi_interconnect_0/s00_couplers/auto_ds/inst/gen_downsizer.gen_simple_downsizer.axi_downsizer_inst/USE_WRITE.write_addr_inst/USE_B_CHANNEL.cmd_b_queue/inst/fifo_gen_inst/inst_fifo_gen/gconvfifo.rf/grf.rf/gntv_or_sync_fifo.gl0.wr/wpntr/gcc0.gc0.count_reg[1]/CLR,
design_1_i/axi_interconnect_0/s00_couplers/auto_ds/inst/gen_downsizer.gen_simple_downsizer.axi_downsizer_inst/USE_WRITE.write_addr_inst/USE_B_CHANNEL.cmd_b_queue/inst/fifo_gen_inst/inst_fifo_gen/gconvfifo.rf/grf.rf/gntv_or_sync_fifo.gl0.wr/wpntr/gcc0.gc0.count_reg[2]/CLR,
design_1_i/axi_interconnect_0/s00_couplers/auto_ds/inst/gen_downsizer.gen_simple_downsizer.axi_downsizer_inst/USE_WRITE.write_addr_inst/USE_B_CHANNEL.cmd_b_queue/inst/fifo_gen_inst/inst_fifo_gen/gconvfifo.rf/grf.rf/gntv_or_sync_fifo.gl0.wr/wpntr/gcc0.gc0.count_reg[3]/CLR,
design_1_i/axi_interconnect_0/s00_couplers/auto_ds/inst/gen_downsizer.gen_simple_downsizer.axi_downsizer_inst/USE_WRITE.write_addr_inst/USE_B_CHANNEL.cmd_b_queue/inst/fifo_gen_inst/inst_fifo_gen/gconvfifo.rf/grf.rf/gntv_or_sync_fifo.gl0.wr/wpntr/gcc0.gc0.count_reg[4]/CLR
 (the first 15 of 32 listed). The LUT may glitch and trigger an unexpected reset, even if it is a properly timed path.
Related violations: <none>

LUTAR-1#3 Warning
LUT drives async reset alert  
LUT cell design_1_i/axi_interconnect_0/s00_couplers/auto_ds/inst/gen_downsizer.gen_simple_downsizer.axi_downsizer_inst/USE_WRITE.write_addr_inst/cmd_queue/inst/fifo_gen_inst/inst_fifo_gen/gconvfifo.rf/grf.rf/rstblk/gpregsm1.curr_fwft_state[1]_i_2, with 2 or more inputs, drives asynchronous preset/clear pin(s) design_1_i/axi_interconnect_0/s00_couplers/auto_ds/inst/gen_downsizer.gen_simple_downsizer.axi_downsizer_inst/USE_WRITE.write_addr_inst/cmd_queue/inst/fifo_gen_inst/inst_fifo_gen/gconvfifo.rf/grf.rf/gntv_or_sync_fifo.gl0.rd/gr1.gr1_int.rfwft/gpregsm1.user_valid_reg/CLR,
design_1_i/axi_interconnect_0/s00_couplers/auto_ds/inst/gen_downsizer.gen_simple_downsizer.axi_downsizer_inst/USE_WRITE.write_addr_inst/cmd_queue/inst/fifo_gen_inst/inst_fifo_gen/gconvfifo.rf/grf.rf/gntv_or_sync_fifo.gl0.rd/grss.rsts/ram_empty_fb_i_reg/PRE,
design_1_i/axi_interconnect_0/s00_couplers/auto_ds/inst/gen_downsizer.gen_simple_downsizer.axi_downsizer_inst/USE_WRITE.write_addr_inst/cmd_queue/inst/fifo_gen_inst/inst_fifo_gen/gconvfifo.rf/grf.rf/gntv_or_sync_fifo.gl0.rd/grss.rsts/ram_empty_i_reg/PRE,
design_1_i/axi_interconnect_0/s00_couplers/auto_ds/inst/gen_downsizer.gen_simple_downsizer.axi_downsizer_inst/USE_WRITE.write_addr_inst/cmd_queue/inst/fifo_gen_inst/inst_fifo_gen/gconvfifo.rf/grf.rf/gntv_or_sync_fifo.gl0.wr/gwss.wsts/ram_full_fb_i_reg/CLR,
design_1_i/axi_interconnect_0/s00_couplers/auto_ds/inst/gen_downsizer.gen_simple_downsizer.axi_downsizer_inst/USE_WRITE.write_addr_inst/cmd_queue/inst/fifo_gen_inst/inst_fifo_gen/gconvfifo.rf/grf.rf/gntv_or_sync_fifo.gl0.wr/gwss.wsts/ram_full_i_reg/CLR,
design_1_i/axi_interconnect_0/s00_couplers/auto_ds/inst/gen_downsizer.gen_simple_downsizer.axi_downsizer_inst/USE_WRITE.write_addr_inst/cmd_queue/inst/fifo_gen_inst/inst_fifo_gen/gconvfifo.rf/grf.rf/gntv_or_sync_fifo.gl0.wr/wpntr/gcc0.gc0.count_d1_reg[0]/CLR,
design_1_i/axi_interconnect_0/s00_couplers/auto_ds/inst/gen_downsizer.gen_simple_downsizer.axi_downsizer_inst/USE_WRITE.write_addr_inst/cmd_queue/inst/fifo_gen_inst/inst_fifo_gen/gconvfifo.rf/grf.rf/gntv_or_sync_fifo.gl0.wr/wpntr/gcc0.gc0.count_d1_reg[1]/CLR,
design_1_i/axi_interconnect_0/s00_couplers/auto_ds/inst/gen_downsizer.gen_simple_downsizer.axi_downsizer_inst/USE_WRITE.write_addr_inst/cmd_queue/inst/fifo_gen_inst/inst_fifo_gen/gconvfifo.rf/grf.rf/gntv_or_sync_fifo.gl0.wr/wpntr/gcc0.gc0.count_d1_reg[2]/CLR,
design_1_i/axi_interconnect_0/s00_couplers/auto_ds/inst/gen_downsizer.gen_simple_downsizer.axi_downsizer_inst/USE_WRITE.write_addr_inst/cmd_queue/inst/fifo_gen_inst/inst_fifo_gen/gconvfifo.rf/grf.rf/gntv_or_sync_fifo.gl0.wr/wpntr/gcc0.gc0.count_d1_reg[3]/CLR,
design_1_i/axi_interconnect_0/s00_couplers/auto_ds/inst/gen_downsizer.gen_simple_downsizer.axi_downsizer_inst/USE_WRITE.write_addr_inst/cmd_queue/inst/fifo_gen_inst/inst_fifo_gen/gconvfifo.rf/grf.rf/gntv_or_sync_fifo.gl0.wr/wpntr/gcc0.gc0.count_d1_reg[4]/CLR,
design_1_i/axi_interconnect_0/s00_couplers/auto_ds/inst/gen_downsizer.gen_simple_downsizer.axi_downsizer_inst/USE_WRITE.write_addr_inst/cmd_queue/inst/fifo_gen_inst/inst_fifo_gen/gconvfifo.rf/grf.rf/gntv_or_sync_fifo.gl0.wr/wpntr/gcc0.gc0.count_reg[0]/PRE,
design_1_i/axi_interconnect_0/s00_couplers/auto_ds/inst/gen_downsizer.gen_simple_downsizer.axi_downsizer_inst/USE_WRITE.write_addr_inst/cmd_queue/inst/fifo_gen_inst/inst_fifo_gen/gconvfifo.rf/grf.rf/gntv_or_sync_fifo.gl0.wr/wpntr/gcc0.gc0.count_reg[1]/CLR,
design_1_i/axi_interconnect_0/s00_couplers/auto_ds/inst/gen_downsizer.gen_simple_downsizer.axi_downsizer_inst/USE_WRITE.write_addr_inst/cmd_queue/inst/fifo_gen_inst/inst_fifo_gen/gconvfifo.rf/grf.rf/gntv_or_sync_fifo.gl0.wr/wpntr/gcc0.gc0.count_reg[2]/CLR,
design_1_i/axi_interconnect_0/s00_couplers/auto_ds/inst/gen_downsizer.gen_simple_downsizer.axi_downsizer_inst/USE_WRITE.write_addr_inst/cmd_queue/inst/fifo_gen_inst/inst_fifo_gen/gconvfifo.rf/grf.rf/gntv_or_sync_fifo.gl0.wr/wpntr/gcc0.gc0.count_reg[3]/CLR,
design_1_i/axi_interconnect_0/s00_couplers/auto_ds/inst/gen_downsizer.gen_simple_downsizer.axi_downsizer_inst/USE_WRITE.write_addr_inst/cmd_queue/inst/fifo_gen_inst/inst_fifo_gen/gconvfifo.rf/grf.rf/gntv_or_sync_fifo.gl0.wr/wpntr/gcc0.gc0.count_reg[4]/CLR
 (the first 15 of 32 listed). The LUT may glitch and trigger an unexpected reset, even if it is a properly timed path.
Related violations: <none>

TIMING-20#1 Warning
Non-clocked latch  
The latch design_1_i/bram_ctrl_0/inst/pl_dout_reg[0] cannot be properly analyzed as its control pin design_1_i/bram_ctrl_0/inst/pl_dout_reg[0]/G is not reached by a timing clock
Related violations: <none>

TIMING-20#2 Warning
Non-clocked latch  
The latch design_1_i/bram_ctrl_0/inst/pl_dout_reg[10] cannot be properly analyzed as its control pin design_1_i/bram_ctrl_0/inst/pl_dout_reg[10]/G is not reached by a timing clock
Related violations: <none>

TIMING-20#3 Warning
Non-clocked latch  
The latch design_1_i/bram_ctrl_0/inst/pl_dout_reg[11] cannot be properly analyzed as its control pin design_1_i/bram_ctrl_0/inst/pl_dout_reg[11]/G is not reached by a timing clock
Related violations: <none>

TIMING-20#4 Warning
Non-clocked latch  
The latch design_1_i/bram_ctrl_0/inst/pl_dout_reg[12] cannot be properly analyzed as its control pin design_1_i/bram_ctrl_0/inst/pl_dout_reg[12]/G is not reached by a timing clock
Related violations: <none>

TIMING-20#5 Warning
Non-clocked latch  
The latch design_1_i/bram_ctrl_0/inst/pl_dout_reg[13] cannot be properly analyzed as its control pin design_1_i/bram_ctrl_0/inst/pl_dout_reg[13]/G is not reached by a timing clock
Related violations: <none>

TIMING-20#6 Warning
Non-clocked latch  
The latch design_1_i/bram_ctrl_0/inst/pl_dout_reg[14] cannot be properly analyzed as its control pin design_1_i/bram_ctrl_0/inst/pl_dout_reg[14]/G is not reached by a timing clock
Related violations: <none>

TIMING-20#7 Warning
Non-clocked latch  
The latch design_1_i/bram_ctrl_0/inst/pl_dout_reg[15] cannot be properly analyzed as its control pin design_1_i/bram_ctrl_0/inst/pl_dout_reg[15]/G is not reached by a timing clock
Related violations: <none>

TIMING-20#8 Warning
Non-clocked latch  
The latch design_1_i/bram_ctrl_0/inst/pl_dout_reg[16] cannot be properly analyzed as its control pin design_1_i/bram_ctrl_0/inst/pl_dout_reg[16]/G is not reached by a timing clock
Related violations: <none>

TIMING-20#9 Warning
Non-clocked latch  
The latch design_1_i/bram_ctrl_0/inst/pl_dout_reg[17] cannot be properly analyzed as its control pin design_1_i/bram_ctrl_0/inst/pl_dout_reg[17]/G is not reached by a timing clock
Related violations: <none>

TIMING-20#10 Warning
Non-clocked latch  
The latch design_1_i/bram_ctrl_0/inst/pl_dout_reg[18] cannot be properly analyzed as its control pin design_1_i/bram_ctrl_0/inst/pl_dout_reg[18]/G is not reached by a timing clock
Related violations: <none>

TIMING-20#11 Warning
Non-clocked latch  
The latch design_1_i/bram_ctrl_0/inst/pl_dout_reg[19] cannot be properly analyzed as its control pin design_1_i/bram_ctrl_0/inst/pl_dout_reg[19]/G is not reached by a timing clock
Related violations: <none>

TIMING-20#12 Warning
Non-clocked latch  
The latch design_1_i/bram_ctrl_0/inst/pl_dout_reg[1] cannot be properly analyzed as its control pin design_1_i/bram_ctrl_0/inst/pl_dout_reg[1]/G is not reached by a timing clock
Related violations: <none>

TIMING-20#13 Warning
Non-clocked latch  
The latch design_1_i/bram_ctrl_0/inst/pl_dout_reg[20] cannot be properly analyzed as its control pin design_1_i/bram_ctrl_0/inst/pl_dout_reg[20]/G is not reached by a timing clock
Related violations: <none>

TIMING-20#14 Warning
Non-clocked latch  
The latch design_1_i/bram_ctrl_0/inst/pl_dout_reg[21] cannot be properly analyzed as its control pin design_1_i/bram_ctrl_0/inst/pl_dout_reg[21]/G is not reached by a timing clock
Related violations: <none>

TIMING-20#15 Warning
Non-clocked latch  
The latch design_1_i/bram_ctrl_0/inst/pl_dout_reg[22] cannot be properly analyzed as its control pin design_1_i/bram_ctrl_0/inst/pl_dout_reg[22]/G is not reached by a timing clock
Related violations: <none>

TIMING-20#16 Warning
Non-clocked latch  
The latch design_1_i/bram_ctrl_0/inst/pl_dout_reg[23] cannot be properly analyzed as its control pin design_1_i/bram_ctrl_0/inst/pl_dout_reg[23]/G is not reached by a timing clock
Related violations: <none>

TIMING-20#17 Warning
Non-clocked latch  
The latch design_1_i/bram_ctrl_0/inst/pl_dout_reg[24] cannot be properly analyzed as its control pin design_1_i/bram_ctrl_0/inst/pl_dout_reg[24]/G is not reached by a timing clock
Related violations: <none>

TIMING-20#18 Warning
Non-clocked latch  
The latch design_1_i/bram_ctrl_0/inst/pl_dout_reg[25] cannot be properly analyzed as its control pin design_1_i/bram_ctrl_0/inst/pl_dout_reg[25]/G is not reached by a timing clock
Related violations: <none>

TIMING-20#19 Warning
Non-clocked latch  
The latch design_1_i/bram_ctrl_0/inst/pl_dout_reg[26] cannot be properly analyzed as its control pin design_1_i/bram_ctrl_0/inst/pl_dout_reg[26]/G is not reached by a timing clock
Related violations: <none>

TIMING-20#20 Warning
Non-clocked latch  
The latch design_1_i/bram_ctrl_0/inst/pl_dout_reg[27] cannot be properly analyzed as its control pin design_1_i/bram_ctrl_0/inst/pl_dout_reg[27]/G is not reached by a timing clock
Related violations: <none>

TIMING-20#21 Warning
Non-clocked latch  
The latch design_1_i/bram_ctrl_0/inst/pl_dout_reg[28] cannot be properly analyzed as its control pin design_1_i/bram_ctrl_0/inst/pl_dout_reg[28]/G is not reached by a timing clock
Related violations: <none>

TIMING-20#22 Warning
Non-clocked latch  
The latch design_1_i/bram_ctrl_0/inst/pl_dout_reg[29] cannot be properly analyzed as its control pin design_1_i/bram_ctrl_0/inst/pl_dout_reg[29]/G is not reached by a timing clock
Related violations: <none>

TIMING-20#23 Warning
Non-clocked latch  
The latch design_1_i/bram_ctrl_0/inst/pl_dout_reg[2] cannot be properly analyzed as its control pin design_1_i/bram_ctrl_0/inst/pl_dout_reg[2]/G is not reached by a timing clock
Related violations: <none>

TIMING-20#24 Warning
Non-clocked latch  
The latch design_1_i/bram_ctrl_0/inst/pl_dout_reg[30] cannot be properly analyzed as its control pin design_1_i/bram_ctrl_0/inst/pl_dout_reg[30]/G is not reached by a timing clock
Related violations: <none>

TIMING-20#25 Warning
Non-clocked latch  
The latch design_1_i/bram_ctrl_0/inst/pl_dout_reg[31] cannot be properly analyzed as its control pin design_1_i/bram_ctrl_0/inst/pl_dout_reg[31]/G is not reached by a timing clock
Related violations: <none>

TIMING-20#26 Warning
Non-clocked latch  
The latch design_1_i/bram_ctrl_0/inst/pl_dout_reg[3] cannot be properly analyzed as its control pin design_1_i/bram_ctrl_0/inst/pl_dout_reg[3]/G is not reached by a timing clock
Related violations: <none>

TIMING-20#27 Warning
Non-clocked latch  
The latch design_1_i/bram_ctrl_0/inst/pl_dout_reg[4] cannot be properly analyzed as its control pin design_1_i/bram_ctrl_0/inst/pl_dout_reg[4]/G is not reached by a timing clock
Related violations: <none>

TIMING-20#28 Warning
Non-clocked latch  
The latch design_1_i/bram_ctrl_0/inst/pl_dout_reg[5] cannot be properly analyzed as its control pin design_1_i/bram_ctrl_0/inst/pl_dout_reg[5]/G is not reached by a timing clock
Related violations: <none>

TIMING-20#29 Warning
Non-clocked latch  
The latch design_1_i/bram_ctrl_0/inst/pl_dout_reg[6] cannot be properly analyzed as its control pin design_1_i/bram_ctrl_0/inst/pl_dout_reg[6]/G is not reached by a timing clock
Related violations: <none>

TIMING-20#30 Warning
Non-clocked latch  
The latch design_1_i/bram_ctrl_0/inst/pl_dout_reg[7] cannot be properly analyzed as its control pin design_1_i/bram_ctrl_0/inst/pl_dout_reg[7]/G is not reached by a timing clock
Related violations: <none>

TIMING-20#31 Warning
Non-clocked latch  
The latch design_1_i/bram_ctrl_0/inst/pl_dout_reg[8] cannot be properly analyzed as its control pin design_1_i/bram_ctrl_0/inst/pl_dout_reg[8]/G is not reached by a timing clock
Related violations: <none>

TIMING-20#32 Warning
Non-clocked latch  
The latch design_1_i/bram_ctrl_0/inst/pl_dout_reg[9] cannot be properly analyzed as its control pin design_1_i/bram_ctrl_0/inst/pl_dout_reg[9]/G is not reached by a timing clock
Related violations: <none>

TIMING-20#33 Warning
Non-clocked latch  
The latch design_1_i/bram_ctrl_0/inst/ps_dout_reg[0] cannot be properly analyzed as its control pin design_1_i/bram_ctrl_0/inst/ps_dout_reg[0]/G is not reached by a timing clock
Related violations: <none>

TIMING-20#34 Warning
Non-clocked latch  
The latch design_1_i/bram_ctrl_0/inst/ps_dout_reg[10] cannot be properly analyzed as its control pin design_1_i/bram_ctrl_0/inst/ps_dout_reg[10]/G is not reached by a timing clock
Related violations: <none>

TIMING-20#35 Warning
Non-clocked latch  
The latch design_1_i/bram_ctrl_0/inst/ps_dout_reg[11] cannot be properly analyzed as its control pin design_1_i/bram_ctrl_0/inst/ps_dout_reg[11]/G is not reached by a timing clock
Related violations: <none>

TIMING-20#36 Warning
Non-clocked latch  
The latch design_1_i/bram_ctrl_0/inst/ps_dout_reg[12] cannot be properly analyzed as its control pin design_1_i/bram_ctrl_0/inst/ps_dout_reg[12]/G is not reached by a timing clock
Related violations: <none>

TIMING-20#37 Warning
Non-clocked latch  
The latch design_1_i/bram_ctrl_0/inst/ps_dout_reg[13] cannot be properly analyzed as its control pin design_1_i/bram_ctrl_0/inst/ps_dout_reg[13]/G is not reached by a timing clock
Related violations: <none>

TIMING-20#38 Warning
Non-clocked latch  
The latch design_1_i/bram_ctrl_0/inst/ps_dout_reg[14] cannot be properly analyzed as its control pin design_1_i/bram_ctrl_0/inst/ps_dout_reg[14]/G is not reached by a timing clock
Related violations: <none>

TIMING-20#39 Warning
Non-clocked latch  
The latch design_1_i/bram_ctrl_0/inst/ps_dout_reg[15] cannot be properly analyzed as its control pin design_1_i/bram_ctrl_0/inst/ps_dout_reg[15]/G is not reached by a timing clock
Related violations: <none>

TIMING-20#40 Warning
Non-clocked latch  
The latch design_1_i/bram_ctrl_0/inst/ps_dout_reg[16] cannot be properly analyzed as its control pin design_1_i/bram_ctrl_0/inst/ps_dout_reg[16]/G is not reached by a timing clock
Related violations: <none>

TIMING-20#41 Warning
Non-clocked latch  
The latch design_1_i/bram_ctrl_0/inst/ps_dout_reg[17] cannot be properly analyzed as its control pin design_1_i/bram_ctrl_0/inst/ps_dout_reg[17]/G is not reached by a timing clock
Related violations: <none>

TIMING-20#42 Warning
Non-clocked latch  
The latch design_1_i/bram_ctrl_0/inst/ps_dout_reg[18] cannot be properly analyzed as its control pin design_1_i/bram_ctrl_0/inst/ps_dout_reg[18]/G is not reached by a timing clock
Related violations: <none>

TIMING-20#43 Warning
Non-clocked latch  
The latch design_1_i/bram_ctrl_0/inst/ps_dout_reg[19] cannot be properly analyzed as its control pin design_1_i/bram_ctrl_0/inst/ps_dout_reg[19]/G is not reached by a timing clock
Related violations: <none>

TIMING-20#44 Warning
Non-clocked latch  
The latch design_1_i/bram_ctrl_0/inst/ps_dout_reg[1] cannot be properly analyzed as its control pin design_1_i/bram_ctrl_0/inst/ps_dout_reg[1]/G is not reached by a timing clock
Related violations: <none>

TIMING-20#45 Warning
Non-clocked latch  
The latch design_1_i/bram_ctrl_0/inst/ps_dout_reg[20] cannot be properly analyzed as its control pin design_1_i/bram_ctrl_0/inst/ps_dout_reg[20]/G is not reached by a timing clock
Related violations: <none>

TIMING-20#46 Warning
Non-clocked latch  
The latch design_1_i/bram_ctrl_0/inst/ps_dout_reg[21] cannot be properly analyzed as its control pin design_1_i/bram_ctrl_0/inst/ps_dout_reg[21]/G is not reached by a timing clock
Related violations: <none>

TIMING-20#47 Warning
Non-clocked latch  
The latch design_1_i/bram_ctrl_0/inst/ps_dout_reg[22] cannot be properly analyzed as its control pin design_1_i/bram_ctrl_0/inst/ps_dout_reg[22]/G is not reached by a timing clock
Related violations: <none>

TIMING-20#48 Warning
Non-clocked latch  
The latch design_1_i/bram_ctrl_0/inst/ps_dout_reg[23] cannot be properly analyzed as its control pin design_1_i/bram_ctrl_0/inst/ps_dout_reg[23]/G is not reached by a timing clock
Related violations: <none>

TIMING-20#49 Warning
Non-clocked latch  
The latch design_1_i/bram_ctrl_0/inst/ps_dout_reg[24] cannot be properly analyzed as its control pin design_1_i/bram_ctrl_0/inst/ps_dout_reg[24]/G is not reached by a timing clock
Related violations: <none>

TIMING-20#50 Warning
Non-clocked latch  
The latch design_1_i/bram_ctrl_0/inst/ps_dout_reg[25] cannot be properly analyzed as its control pin design_1_i/bram_ctrl_0/inst/ps_dout_reg[25]/G is not reached by a timing clock
Related violations: <none>

TIMING-20#51 Warning
Non-clocked latch  
The latch design_1_i/bram_ctrl_0/inst/ps_dout_reg[26] cannot be properly analyzed as its control pin design_1_i/bram_ctrl_0/inst/ps_dout_reg[26]/G is not reached by a timing clock
Related violations: <none>

TIMING-20#52 Warning
Non-clocked latch  
The latch design_1_i/bram_ctrl_0/inst/ps_dout_reg[27] cannot be properly analyzed as its control pin design_1_i/bram_ctrl_0/inst/ps_dout_reg[27]/G is not reached by a timing clock
Related violations: <none>

TIMING-20#53 Warning
Non-clocked latch  
The latch design_1_i/bram_ctrl_0/inst/ps_dout_reg[28] cannot be properly analyzed as its control pin design_1_i/bram_ctrl_0/inst/ps_dout_reg[28]/G is not reached by a timing clock
Related violations: <none>

TIMING-20#54 Warning
Non-clocked latch  
The latch design_1_i/bram_ctrl_0/inst/ps_dout_reg[29] cannot be properly analyzed as its control pin design_1_i/bram_ctrl_0/inst/ps_dout_reg[29]/G is not reached by a timing clock
Related violations: <none>

TIMING-20#55 Warning
Non-clocked latch  
The latch design_1_i/bram_ctrl_0/inst/ps_dout_reg[2] cannot be properly analyzed as its control pin design_1_i/bram_ctrl_0/inst/ps_dout_reg[2]/G is not reached by a timing clock
Related violations: <none>

TIMING-20#56 Warning
Non-clocked latch  
The latch design_1_i/bram_ctrl_0/inst/ps_dout_reg[30] cannot be properly analyzed as its control pin design_1_i/bram_ctrl_0/inst/ps_dout_reg[30]/G is not reached by a timing clock
Related violations: <none>

TIMING-20#57 Warning
Non-clocked latch  
The latch design_1_i/bram_ctrl_0/inst/ps_dout_reg[31] cannot be properly analyzed as its control pin design_1_i/bram_ctrl_0/inst/ps_dout_reg[31]/G is not reached by a timing clock
Related violations: <none>

TIMING-20#58 Warning
Non-clocked latch  
The latch design_1_i/bram_ctrl_0/inst/ps_dout_reg[3] cannot be properly analyzed as its control pin design_1_i/bram_ctrl_0/inst/ps_dout_reg[3]/G is not reached by a timing clock
Related violations: <none>

TIMING-20#59 Warning
Non-clocked latch  
The latch design_1_i/bram_ctrl_0/inst/ps_dout_reg[4] cannot be properly analyzed as its control pin design_1_i/bram_ctrl_0/inst/ps_dout_reg[4]/G is not reached by a timing clock
Related violations: <none>

TIMING-20#60 Warning
Non-clocked latch  
The latch design_1_i/bram_ctrl_0/inst/ps_dout_reg[5] cannot be properly analyzed as its control pin design_1_i/bram_ctrl_0/inst/ps_dout_reg[5]/G is not reached by a timing clock
Related violations: <none>

TIMING-20#61 Warning
Non-clocked latch  
The latch design_1_i/bram_ctrl_0/inst/ps_dout_reg[6] cannot be properly analyzed as its control pin design_1_i/bram_ctrl_0/inst/ps_dout_reg[6]/G is not reached by a timing clock
Related violations: <none>

TIMING-20#62 Warning
Non-clocked latch  
The latch design_1_i/bram_ctrl_0/inst/ps_dout_reg[7] cannot be properly analyzed as its control pin design_1_i/bram_ctrl_0/inst/ps_dout_reg[7]/G is not reached by a timing clock
Related violations: <none>

TIMING-20#63 Warning
Non-clocked latch  
The latch design_1_i/bram_ctrl_0/inst/ps_dout_reg[8] cannot be properly analyzed as its control pin design_1_i/bram_ctrl_0/inst/ps_dout_reg[8]/G is not reached by a timing clock
Related violations: <none>

TIMING-20#64 Warning
Non-clocked latch  
The latch design_1_i/bram_ctrl_0/inst/ps_dout_reg[9] cannot be properly analyzed as its control pin design_1_i/bram_ctrl_0/inst/ps_dout_reg[9]/G is not reached by a timing clock
Related violations: <none>

TIMING-20#65 Warning
Non-clocked latch  
The latch design_1_i/bram_ctrl_1/inst/pl_dout_reg[0] cannot be properly analyzed as its control pin design_1_i/bram_ctrl_1/inst/pl_dout_reg[0]/G is not reached by a timing clock
Related violations: <none>

TIMING-20#66 Warning
Non-clocked latch  
The latch design_1_i/bram_ctrl_1/inst/pl_dout_reg[10] cannot be properly analyzed as its control pin design_1_i/bram_ctrl_1/inst/pl_dout_reg[10]/G is not reached by a timing clock
Related violations: <none>

TIMING-20#67 Warning
Non-clocked latch  
The latch design_1_i/bram_ctrl_1/inst/pl_dout_reg[11] cannot be properly analyzed as its control pin design_1_i/bram_ctrl_1/inst/pl_dout_reg[11]/G is not reached by a timing clock
Related violations: <none>

TIMING-20#68 Warning
Non-clocked latch  
The latch design_1_i/bram_ctrl_1/inst/pl_dout_reg[12] cannot be properly analyzed as its control pin design_1_i/bram_ctrl_1/inst/pl_dout_reg[12]/G is not reached by a timing clock
Related violations: <none>

TIMING-20#69 Warning
Non-clocked latch  
The latch design_1_i/bram_ctrl_1/inst/pl_dout_reg[13] cannot be properly analyzed as its control pin design_1_i/bram_ctrl_1/inst/pl_dout_reg[13]/G is not reached by a timing clock
Related violations: <none>

TIMING-20#70 Warning
Non-clocked latch  
The latch design_1_i/bram_ctrl_1/inst/pl_dout_reg[14] cannot be properly analyzed as its control pin design_1_i/bram_ctrl_1/inst/pl_dout_reg[14]/G is not reached by a timing clock
Related violations: <none>

TIMING-20#71 Warning
Non-clocked latch  
The latch design_1_i/bram_ctrl_1/inst/pl_dout_reg[15] cannot be properly analyzed as its control pin design_1_i/bram_ctrl_1/inst/pl_dout_reg[15]/G is not reached by a timing clock
Related violations: <none>

TIMING-20#72 Warning
Non-clocked latch  
The latch design_1_i/bram_ctrl_1/inst/pl_dout_reg[16] cannot be properly analyzed as its control pin design_1_i/bram_ctrl_1/inst/pl_dout_reg[16]/G is not reached by a timing clock
Related violations: <none>

TIMING-20#73 Warning
Non-clocked latch  
The latch design_1_i/bram_ctrl_1/inst/pl_dout_reg[17] cannot be properly analyzed as its control pin design_1_i/bram_ctrl_1/inst/pl_dout_reg[17]/G is not reached by a timing clock
Related violations: <none>

TIMING-20#74 Warning
Non-clocked latch  
The latch design_1_i/bram_ctrl_1/inst/pl_dout_reg[18] cannot be properly analyzed as its control pin design_1_i/bram_ctrl_1/inst/pl_dout_reg[18]/G is not reached by a timing clock
Related violations: <none>

TIMING-20#75 Warning
Non-clocked latch  
The latch design_1_i/bram_ctrl_1/inst/pl_dout_reg[19] cannot be properly analyzed as its control pin design_1_i/bram_ctrl_1/inst/pl_dout_reg[19]/G is not reached by a timing clock
Related violations: <none>

TIMING-20#76 Warning
Non-clocked latch  
The latch design_1_i/bram_ctrl_1/inst/pl_dout_reg[1] cannot be properly analyzed as its control pin design_1_i/bram_ctrl_1/inst/pl_dout_reg[1]/G is not reached by a timing clock
Related violations: <none>

TIMING-20#77 Warning
Non-clocked latch  
The latch design_1_i/bram_ctrl_1/inst/pl_dout_reg[20] cannot be properly analyzed as its control pin design_1_i/bram_ctrl_1/inst/pl_dout_reg[20]/G is not reached by a timing clock
Related violations: <none>

TIMING-20#78 Warning
Non-clocked latch  
The latch design_1_i/bram_ctrl_1/inst/pl_dout_reg[21] cannot be properly analyzed as its control pin design_1_i/bram_ctrl_1/inst/pl_dout_reg[21]/G is not reached by a timing clock
Related violations: <none>

TIMING-20#79 Warning
Non-clocked latch  
The latch design_1_i/bram_ctrl_1/inst/pl_dout_reg[22] cannot be properly analyzed as its control pin design_1_i/bram_ctrl_1/inst/pl_dout_reg[22]/G is not reached by a timing clock
Related violations: <none>

TIMING-20#80 Warning
Non-clocked latch  
The latch design_1_i/bram_ctrl_1/inst/pl_dout_reg[23] cannot be properly analyzed as its control pin design_1_i/bram_ctrl_1/inst/pl_dout_reg[23]/G is not reached by a timing clock
Related violations: <none>

TIMING-20#81 Warning
Non-clocked latch  
The latch design_1_i/bram_ctrl_1/inst/pl_dout_reg[24] cannot be properly analyzed as its control pin design_1_i/bram_ctrl_1/inst/pl_dout_reg[24]/G is not reached by a timing clock
Related violations: <none>

TIMING-20#82 Warning
Non-clocked latch  
The latch design_1_i/bram_ctrl_1/inst/pl_dout_reg[25] cannot be properly analyzed as its control pin design_1_i/bram_ctrl_1/inst/pl_dout_reg[25]/G is not reached by a timing clock
Related violations: <none>

TIMING-20#83 Warning
Non-clocked latch  
The latch design_1_i/bram_ctrl_1/inst/pl_dout_reg[26] cannot be properly analyzed as its control pin design_1_i/bram_ctrl_1/inst/pl_dout_reg[26]/G is not reached by a timing clock
Related violations: <none>

TIMING-20#84 Warning
Non-clocked latch  
The latch design_1_i/bram_ctrl_1/inst/pl_dout_reg[27] cannot be properly analyzed as its control pin design_1_i/bram_ctrl_1/inst/pl_dout_reg[27]/G is not reached by a timing clock
Related violations: <none>

TIMING-20#85 Warning
Non-clocked latch  
The latch design_1_i/bram_ctrl_1/inst/pl_dout_reg[28] cannot be properly analyzed as its control pin design_1_i/bram_ctrl_1/inst/pl_dout_reg[28]/G is not reached by a timing clock
Related violations: <none>

TIMING-20#86 Warning
Non-clocked latch  
The latch design_1_i/bram_ctrl_1/inst/pl_dout_reg[29] cannot be properly analyzed as its control pin design_1_i/bram_ctrl_1/inst/pl_dout_reg[29]/G is not reached by a timing clock
Related violations: <none>

TIMING-20#87 Warning
Non-clocked latch  
The latch design_1_i/bram_ctrl_1/inst/pl_dout_reg[2] cannot be properly analyzed as its control pin design_1_i/bram_ctrl_1/inst/pl_dout_reg[2]/G is not reached by a timing clock
Related violations: <none>

TIMING-20#88 Warning
Non-clocked latch  
The latch design_1_i/bram_ctrl_1/inst/pl_dout_reg[30] cannot be properly analyzed as its control pin design_1_i/bram_ctrl_1/inst/pl_dout_reg[30]/G is not reached by a timing clock
Related violations: <none>

TIMING-20#89 Warning
Non-clocked latch  
The latch design_1_i/bram_ctrl_1/inst/pl_dout_reg[31] cannot be properly analyzed as its control pin design_1_i/bram_ctrl_1/inst/pl_dout_reg[31]/G is not reached by a timing clock
Related violations: <none>

TIMING-20#90 Warning
Non-clocked latch  
The latch design_1_i/bram_ctrl_1/inst/pl_dout_reg[3] cannot be properly analyzed as its control pin design_1_i/bram_ctrl_1/inst/pl_dout_reg[3]/G is not reached by a timing clock
Related violations: <none>

TIMING-20#91 Warning
Non-clocked latch  
The latch design_1_i/bram_ctrl_1/inst/pl_dout_reg[4] cannot be properly analyzed as its control pin design_1_i/bram_ctrl_1/inst/pl_dout_reg[4]/G is not reached by a timing clock
Related violations: <none>

TIMING-20#92 Warning
Non-clocked latch  
The latch design_1_i/bram_ctrl_1/inst/pl_dout_reg[5] cannot be properly analyzed as its control pin design_1_i/bram_ctrl_1/inst/pl_dout_reg[5]/G is not reached by a timing clock
Related violations: <none>

TIMING-20#93 Warning
Non-clocked latch  
The latch design_1_i/bram_ctrl_1/inst/pl_dout_reg[6] cannot be properly analyzed as its control pin design_1_i/bram_ctrl_1/inst/pl_dout_reg[6]/G is not reached by a timing clock
Related violations: <none>

TIMING-20#94 Warning
Non-clocked latch  
The latch design_1_i/bram_ctrl_1/inst/pl_dout_reg[7] cannot be properly analyzed as its control pin design_1_i/bram_ctrl_1/inst/pl_dout_reg[7]/G is not reached by a timing clock
Related violations: <none>

TIMING-20#95 Warning
Non-clocked latch  
The latch design_1_i/bram_ctrl_1/inst/pl_dout_reg[8] cannot be properly analyzed as its control pin design_1_i/bram_ctrl_1/inst/pl_dout_reg[8]/G is not reached by a timing clock
Related violations: <none>

TIMING-20#96 Warning
Non-clocked latch  
The latch design_1_i/bram_ctrl_1/inst/pl_dout_reg[9] cannot be properly analyzed as its control pin design_1_i/bram_ctrl_1/inst/pl_dout_reg[9]/G is not reached by a timing clock
Related violations: <none>

TIMING-20#97 Warning
Non-clocked latch  
The latch design_1_i/bram_ctrl_1/inst/ps_dout_reg[0] cannot be properly analyzed as its control pin design_1_i/bram_ctrl_1/inst/ps_dout_reg[0]/G is not reached by a timing clock
Related violations: <none>

TIMING-20#98 Warning
Non-clocked latch  
The latch design_1_i/bram_ctrl_1/inst/ps_dout_reg[10] cannot be properly analyzed as its control pin design_1_i/bram_ctrl_1/inst/ps_dout_reg[10]/G is not reached by a timing clock
Related violations: <none>

TIMING-20#99 Warning
Non-clocked latch  
The latch design_1_i/bram_ctrl_1/inst/ps_dout_reg[11] cannot be properly analyzed as its control pin design_1_i/bram_ctrl_1/inst/ps_dout_reg[11]/G is not reached by a timing clock
Related violations: <none>

TIMING-20#100 Warning
Non-clocked latch  
The latch design_1_i/bram_ctrl_1/inst/ps_dout_reg[12] cannot be properly analyzed as its control pin design_1_i/bram_ctrl_1/inst/ps_dout_reg[12]/G is not reached by a timing clock
Related violations: <none>

TIMING-20#101 Warning
Non-clocked latch  
The latch design_1_i/bram_ctrl_1/inst/ps_dout_reg[13] cannot be properly analyzed as its control pin design_1_i/bram_ctrl_1/inst/ps_dout_reg[13]/G is not reached by a timing clock
Related violations: <none>

TIMING-20#102 Warning
Non-clocked latch  
The latch design_1_i/bram_ctrl_1/inst/ps_dout_reg[14] cannot be properly analyzed as its control pin design_1_i/bram_ctrl_1/inst/ps_dout_reg[14]/G is not reached by a timing clock
Related violations: <none>

TIMING-20#103 Warning
Non-clocked latch  
The latch design_1_i/bram_ctrl_1/inst/ps_dout_reg[15] cannot be properly analyzed as its control pin design_1_i/bram_ctrl_1/inst/ps_dout_reg[15]/G is not reached by a timing clock
Related violations: <none>

TIMING-20#104 Warning
Non-clocked latch  
The latch design_1_i/bram_ctrl_1/inst/ps_dout_reg[16] cannot be properly analyzed as its control pin design_1_i/bram_ctrl_1/inst/ps_dout_reg[16]/G is not reached by a timing clock
Related violations: <none>

TIMING-20#105 Warning
Non-clocked latch  
The latch design_1_i/bram_ctrl_1/inst/ps_dout_reg[17] cannot be properly analyzed as its control pin design_1_i/bram_ctrl_1/inst/ps_dout_reg[17]/G is not reached by a timing clock
Related violations: <none>

TIMING-20#106 Warning
Non-clocked latch  
The latch design_1_i/bram_ctrl_1/inst/ps_dout_reg[18] cannot be properly analyzed as its control pin design_1_i/bram_ctrl_1/inst/ps_dout_reg[18]/G is not reached by a timing clock
Related violations: <none>

TIMING-20#107 Warning
Non-clocked latch  
The latch design_1_i/bram_ctrl_1/inst/ps_dout_reg[19] cannot be properly analyzed as its control pin design_1_i/bram_ctrl_1/inst/ps_dout_reg[19]/G is not reached by a timing clock
Related violations: <none>

TIMING-20#108 Warning
Non-clocked latch  
The latch design_1_i/bram_ctrl_1/inst/ps_dout_reg[1] cannot be properly analyzed as its control pin design_1_i/bram_ctrl_1/inst/ps_dout_reg[1]/G is not reached by a timing clock
Related violations: <none>

TIMING-20#109 Warning
Non-clocked latch  
The latch design_1_i/bram_ctrl_1/inst/ps_dout_reg[20] cannot be properly analyzed as its control pin design_1_i/bram_ctrl_1/inst/ps_dout_reg[20]/G is not reached by a timing clock
Related violations: <none>

TIMING-20#110 Warning
Non-clocked latch  
The latch design_1_i/bram_ctrl_1/inst/ps_dout_reg[21] cannot be properly analyzed as its control pin design_1_i/bram_ctrl_1/inst/ps_dout_reg[21]/G is not reached by a timing clock
Related violations: <none>

TIMING-20#111 Warning
Non-clocked latch  
The latch design_1_i/bram_ctrl_1/inst/ps_dout_reg[22] cannot be properly analyzed as its control pin design_1_i/bram_ctrl_1/inst/ps_dout_reg[22]/G is not reached by a timing clock
Related violations: <none>

TIMING-20#112 Warning
Non-clocked latch  
The latch design_1_i/bram_ctrl_1/inst/ps_dout_reg[23] cannot be properly analyzed as its control pin design_1_i/bram_ctrl_1/inst/ps_dout_reg[23]/G is not reached by a timing clock
Related violations: <none>

TIMING-20#113 Warning
Non-clocked latch  
The latch design_1_i/bram_ctrl_1/inst/ps_dout_reg[24] cannot be properly analyzed as its control pin design_1_i/bram_ctrl_1/inst/ps_dout_reg[24]/G is not reached by a timing clock
Related violations: <none>

TIMING-20#114 Warning
Non-clocked latch  
The latch design_1_i/bram_ctrl_1/inst/ps_dout_reg[25] cannot be properly analyzed as its control pin design_1_i/bram_ctrl_1/inst/ps_dout_reg[25]/G is not reached by a timing clock
Related violations: <none>

TIMING-20#115 Warning
Non-clocked latch  
The latch design_1_i/bram_ctrl_1/inst/ps_dout_reg[26] cannot be properly analyzed as its control pin design_1_i/bram_ctrl_1/inst/ps_dout_reg[26]/G is not reached by a timing clock
Related violations: <none>

TIMING-20#116 Warning
Non-clocked latch  
The latch design_1_i/bram_ctrl_1/inst/ps_dout_reg[27] cannot be properly analyzed as its control pin design_1_i/bram_ctrl_1/inst/ps_dout_reg[27]/G is not reached by a timing clock
Related violations: <none>

TIMING-20#117 Warning
Non-clocked latch  
The latch design_1_i/bram_ctrl_1/inst/ps_dout_reg[28] cannot be properly analyzed as its control pin design_1_i/bram_ctrl_1/inst/ps_dout_reg[28]/G is not reached by a timing clock
Related violations: <none>

TIMING-20#118 Warning
Non-clocked latch  
The latch design_1_i/bram_ctrl_1/inst/ps_dout_reg[29] cannot be properly analyzed as its control pin design_1_i/bram_ctrl_1/inst/ps_dout_reg[29]/G is not reached by a timing clock
Related violations: <none>

TIMING-20#119 Warning
Non-clocked latch  
The latch design_1_i/bram_ctrl_1/inst/ps_dout_reg[2] cannot be properly analyzed as its control pin design_1_i/bram_ctrl_1/inst/ps_dout_reg[2]/G is not reached by a timing clock
Related violations: <none>

TIMING-20#120 Warning
Non-clocked latch  
The latch design_1_i/bram_ctrl_1/inst/ps_dout_reg[30] cannot be properly analyzed as its control pin design_1_i/bram_ctrl_1/inst/ps_dout_reg[30]/G is not reached by a timing clock
Related violations: <none>

TIMING-20#121 Warning
Non-clocked latch  
The latch design_1_i/bram_ctrl_1/inst/ps_dout_reg[31] cannot be properly analyzed as its control pin design_1_i/bram_ctrl_1/inst/ps_dout_reg[31]/G is not reached by a timing clock
Related violations: <none>

TIMING-20#122 Warning
Non-clocked latch  
The latch design_1_i/bram_ctrl_1/inst/ps_dout_reg[3] cannot be properly analyzed as its control pin design_1_i/bram_ctrl_1/inst/ps_dout_reg[3]/G is not reached by a timing clock
Related violations: <none>

TIMING-20#123 Warning
Non-clocked latch  
The latch design_1_i/bram_ctrl_1/inst/ps_dout_reg[4] cannot be properly analyzed as its control pin design_1_i/bram_ctrl_1/inst/ps_dout_reg[4]/G is not reached by a timing clock
Related violations: <none>

TIMING-20#124 Warning
Non-clocked latch  
The latch design_1_i/bram_ctrl_1/inst/ps_dout_reg[5] cannot be properly analyzed as its control pin design_1_i/bram_ctrl_1/inst/ps_dout_reg[5]/G is not reached by a timing clock
Related violations: <none>

TIMING-20#125 Warning
Non-clocked latch  
The latch design_1_i/bram_ctrl_1/inst/ps_dout_reg[6] cannot be properly analyzed as its control pin design_1_i/bram_ctrl_1/inst/ps_dout_reg[6]/G is not reached by a timing clock
Related violations: <none>

TIMING-20#126 Warning
Non-clocked latch  
The latch design_1_i/bram_ctrl_1/inst/ps_dout_reg[7] cannot be properly analyzed as its control pin design_1_i/bram_ctrl_1/inst/ps_dout_reg[7]/G is not reached by a timing clock
Related violations: <none>

TIMING-20#127 Warning
Non-clocked latch  
The latch design_1_i/bram_ctrl_1/inst/ps_dout_reg[8] cannot be properly analyzed as its control pin design_1_i/bram_ctrl_1/inst/ps_dout_reg[8]/G is not reached by a timing clock
Related violations: <none>

TIMING-20#128 Warning
Non-clocked latch  
The latch design_1_i/bram_ctrl_1/inst/ps_dout_reg[9] cannot be properly analyzed as its control pin design_1_i/bram_ctrl_1/inst/ps_dout_reg[9]/G is not reached by a timing clock
Related violations: <none>

LATCH-1#1 Advisory
Existing latches in the design  
There are 128 latches found in the design. Inferred latches are often the result of HDL coding mistakes, such as incomplete if or case statements.
Related violations: <none>


