INFO: [VRFC 10-2263] Analyzing Verilog file "C:/Users/VICTUS/final/final.sim/sim_1/impl/func/xsim/steganography_func_impl.v" into library xil_defaultlib
INFO: [VRFC 10-311] analyzing module axi_bram_ctrl
INFO: [VRFC 10-311] analyzing module axi_bram_ctrl_44
INFO: [VRFC 10-311] analyzing module axi_bram_ctrl_top
INFO: [VRFC 10-311] analyzing module axi_bram_ctrl_top_45
INFO: [VRFC 10-311] analyzing module axi_cdma
INFO: [VRFC 10-311] analyzing module axi_cdma_lite_if
INFO: [VRFC 10-311] analyzing module axi_cdma_pulse_gen
INFO: [VRFC 10-311] analyzing module axi_cdma_pulse_gen__parameterized0
INFO: [VRFC 10-311] analyzing module axi_cdma_pulse_gen__parameterized1
INFO: [VRFC 10-311] analyzing module axi_cdma_reg_module
INFO: [VRFC 10-311] analyzing module axi_cdma_register
INFO: [VRFC 10-311] analyzing module axi_cdma_reset
INFO: [VRFC 10-311] analyzing module axi_cdma_simple_cntlr
INFO: [VRFC 10-311] analyzing module axi_cdma_simple_wrap
INFO: [VRFC 10-311] analyzing module axi_crossbar_v2_1_29_addr_arbiter_sasd
INFO: [VRFC 10-311] analyzing module axi_crossbar_v2_1_29_axi_crossbar
INFO: [VRFC 10-311] analyzing module axi_crossbar_v2_1_29_crossbar_sasd
INFO: [VRFC 10-311] analyzing module axi_crossbar_v2_1_29_decerr_slave
INFO: [VRFC 10-311] analyzing module axi_crossbar_v2_1_29_splitter
INFO: [VRFC 10-311] analyzing module axi_crossbar_v2_1_29_splitter__parameterized0
INFO: [VRFC 10-311] analyzing module axi_data_fifo_v2_1_27_axi_data_fifo
INFO: [VRFC 10-311] analyzing module axi_data_fifo_v2_1_27_axi_data_fifo__parameterized0
INFO: [VRFC 10-311] analyzing module axi_data_fifo_v2_1_27_axi_data_fifo__parameterized1
INFO: [VRFC 10-311] analyzing module axi_data_fifo_v2_1_27_axic_fifo
INFO: [VRFC 10-311] analyzing module axi_data_fifo_v2_1_27_axic_fifo__parameterized0
INFO: [VRFC 10-311] analyzing module axi_data_fifo_v2_1_27_axic_fifo__parameterized0__xdcDup__1
INFO: [VRFC 10-311] analyzing module axi_data_fifo_v2_1_27_fifo_gen
INFO: [VRFC 10-311] analyzing module axi_data_fifo_v2_1_27_fifo_gen__parameterized0
INFO: [VRFC 10-311] analyzing module axi_data_fifo_v2_1_27_fifo_gen__parameterized0__xdcDup__1
INFO: [VRFC 10-311] analyzing module axi_datamover
INFO: [VRFC 10-311] analyzing module axi_datamover_addr_cntl
INFO: [VRFC 10-311] analyzing module axi_datamover_addr_cntl__parameterized0
INFO: [VRFC 10-311] analyzing module axi_datamover_cmd_status
INFO: [VRFC 10-311] analyzing module axi_datamover_cmd_status_33
INFO: [VRFC 10-311] analyzing module axi_datamover_fifo
INFO: [VRFC 10-311] analyzing module axi_datamover_fifo_38
INFO: [VRFC 10-311] analyzing module axi_datamover_fifo__parameterized0
INFO: [VRFC 10-311] analyzing module axi_datamover_fifo__parameterized0_37
INFO: [VRFC 10-311] analyzing module axi_datamover_fifo__parameterized1
INFO: [VRFC 10-311] analyzing module axi_datamover_fifo__parameterized1_39
INFO: [VRFC 10-311] analyzing module axi_datamover_fifo__parameterized2
INFO: [VRFC 10-311] analyzing module axi_datamover_fifo__parameterized3
INFO: [VRFC 10-311] analyzing module axi_datamover_fifo__parameterized4
INFO: [VRFC 10-311] analyzing module axi_datamover_fifo__parameterized5
INFO: [VRFC 10-311] analyzing module axi_datamover_mm2s_full_wrap
INFO: [VRFC 10-311] analyzing module axi_datamover_pcc
INFO: [VRFC 10-311] analyzing module axi_datamover_pcc__parameterized0
INFO: [VRFC 10-311] analyzing module axi_datamover_rd_status_cntl
INFO: [VRFC 10-311] analyzing module axi_datamover_rddata_cntl
INFO: [VRFC 10-311] analyzing module axi_datamover_reset
INFO: [VRFC 10-311] analyzing module axi_datamover_reset_34
INFO: [VRFC 10-311] analyzing module axi_datamover_s2mm_full_wrap
INFO: [VRFC 10-311] analyzing module axi_datamover_skid2mm_buf
INFO: [VRFC 10-311] analyzing module axi_datamover_strb_gen2
INFO: [VRFC 10-311] analyzing module axi_datamover_strb_gen2_36
INFO: [VRFC 10-311] analyzing module axi_datamover_wr_status_cntl
INFO: [VRFC 10-311] analyzing module axi_datamover_wrdata_cntl
INFO: [VRFC 10-311] analyzing module axi_dwidth_converter_v2_1_28_a_downsizer
INFO: [VRFC 10-311] analyzing module axi_dwidth_converter_v2_1_28_a_downsizer__parameterized0
INFO: [VRFC 10-311] analyzing module axi_dwidth_converter_v2_1_28_axi_downsizer
INFO: [VRFC 10-311] analyzing module axi_dwidth_converter_v2_1_28_b_downsizer
INFO: [VRFC 10-311] analyzing module axi_dwidth_converter_v2_1_28_r_downsizer
INFO: [VRFC 10-311] analyzing module axi_dwidth_converter_v2_1_28_top
INFO: [VRFC 10-311] analyzing module axi_dwidth_converter_v2_1_28_w_downsizer
INFO: [VRFC 10-311] analyzing module axi_protocol_converter_v2_1_28_axi_protocol_converter
INFO: [VRFC 10-311] analyzing module axi_protocol_converter_v2_1_28_b2s
INFO: [VRFC 10-311] analyzing module axi_protocol_converter_v2_1_28_b2s_ar_channel
INFO: [VRFC 10-311] analyzing module axi_protocol_converter_v2_1_28_b2s_aw_channel
INFO: [VRFC 10-311] analyzing module axi_protocol_converter_v2_1_28_b2s_b_channel
INFO: [VRFC 10-311] analyzing module axi_protocol_converter_v2_1_28_b2s_cmd_translator
INFO: [VRFC 10-311] analyzing module axi_protocol_converter_v2_1_28_b2s_cmd_translator_12
INFO: [VRFC 10-311] analyzing module axi_protocol_converter_v2_1_28_b2s_incr_cmd
INFO: [VRFC 10-311] analyzing module axi_protocol_converter_v2_1_28_b2s_incr_cmd_13
INFO: [VRFC 10-311] analyzing module axi_protocol_converter_v2_1_28_b2s_r_channel
INFO: [VRFC 10-311] analyzing module axi_protocol_converter_v2_1_28_b2s_rd_cmd_fsm
INFO: [VRFC 10-311] analyzing module axi_protocol_converter_v2_1_28_b2s_simple_fifo
INFO: [VRFC 10-311] analyzing module axi_protocol_converter_v2_1_28_b2s_simple_fifo__parameterized0
INFO: [VRFC 10-311] analyzing module axi_protocol_converter_v2_1_28_b2s_simple_fifo__parameterized1
INFO: [VRFC 10-311] analyzing module axi_protocol_converter_v2_1_28_b2s_simple_fifo__parameterized2
INFO: [VRFC 10-311] analyzing module axi_protocol_converter_v2_1_28_b2s_wr_cmd_fsm
INFO: [VRFC 10-311] analyzing module axi_protocol_converter_v2_1_28_b2s_wrap_cmd
INFO: [VRFC 10-311] analyzing module axi_protocol_converter_v2_1_28_b2s_wrap_cmd_14
INFO: [VRFC 10-311] analyzing module axi_register_slice_v2_1_28_axi_register_slice
INFO: [VRFC 10-311] analyzing module axi_register_slice_v2_1_28_axic_register_slice
INFO: [VRFC 10-311] analyzing module axi_register_slice_v2_1_28_axic_register_slice_11
INFO: [VRFC 10-311] analyzing module axi_register_slice_v2_1_28_axic_register_slice__parameterized1
INFO: [VRFC 10-311] analyzing module axi_register_slice_v2_1_28_axic_register_slice__parameterized2
INFO: [VRFC 10-311] analyzing module axi_register_slice_v2_1_28_axic_register_slice__parameterized7
INFO: [VRFC 10-311] analyzing module bd_48ac
INFO: [VRFC 10-311] analyzing module bd_48ac_arsw_0
INFO: [VRFC 10-311] analyzing module bd_48ac_awsw_0
INFO: [VRFC 10-311] analyzing module bd_48ac_bsw_0
INFO: [VRFC 10-311] analyzing module bd_48ac_m00arn_0
INFO: [VRFC 10-311] analyzing module bd_48ac_m00awn_0
INFO: [VRFC 10-311] analyzing module bd_48ac_m00bn_0
INFO: [VRFC 10-311] analyzing module bd_48ac_m00e_0
INFO: [VRFC 10-311] analyzing module bd_48ac_m00rn_0
INFO: [VRFC 10-311] analyzing module bd_48ac_m00s2a_0
INFO: [VRFC 10-311] analyzing module bd_48ac_m00wn_0
INFO: [VRFC 10-311] analyzing module bd_48ac_m01arn_0
INFO: [VRFC 10-311] analyzing module bd_48ac_m01awn_0
INFO: [VRFC 10-311] analyzing module bd_48ac_m01bn_0
INFO: [VRFC 10-311] analyzing module bd_48ac_m01e_0
INFO: [VRFC 10-311] analyzing module bd_48ac_m01rn_0
INFO: [VRFC 10-311] analyzing module bd_48ac_m01s2a_0
INFO: [VRFC 10-311] analyzing module bd_48ac_m01wn_0
INFO: [VRFC 10-311] analyzing module bd_48ac_m02arn_0
INFO: [VRFC 10-311] analyzing module bd_48ac_m02awn_0
INFO: [VRFC 10-311] analyzing module bd_48ac_m02bn_0
INFO: [VRFC 10-311] analyzing module bd_48ac_m02e_0
INFO: [VRFC 10-311] analyzing module bd_48ac_m02rn_0
INFO: [VRFC 10-311] analyzing module bd_48ac_m02s2a_0
INFO: [VRFC 10-311] analyzing module bd_48ac_m02wn_0
INFO: [VRFC 10-311] analyzing module bd_48ac_psr_aclk_0
INFO: [VRFC 10-311] analyzing module bd_48ac_rsw_0
INFO: [VRFC 10-311] analyzing module bd_48ac_s00a2s_0
INFO: [VRFC 10-311] analyzing module bd_48ac_s00mmu_0
INFO: [VRFC 10-311] analyzing module bd_48ac_s00sic_0
INFO: [VRFC 10-311] analyzing module bd_48ac_s00tr_0
INFO: [VRFC 10-311] analyzing module bd_48ac_sarn_0
INFO: [VRFC 10-311] analyzing module bd_48ac_sawn_0
INFO: [VRFC 10-311] analyzing module bd_48ac_sbn_0
INFO: [VRFC 10-311] analyzing module bd_48ac_srn_0
INFO: [VRFC 10-311] analyzing module bd_48ac_swn_0
INFO: [VRFC 10-311] analyzing module bd_48ac_wsw_0
INFO: [VRFC 10-311] analyzing module bram_ctrl
INFO: [VRFC 10-311] analyzing module bram_ctrl_3
INFO: [VRFC 10-311] analyzing module cdc_sync
INFO: [VRFC 10-311] analyzing module cdc_sync_308
INFO: [VRFC 10-311] analyzing module clk_map_imp_1NMB928
INFO: [VRFC 10-311] analyzing module cntr_incr_decr_addn_f
INFO: [VRFC 10-311] analyzing module cntr_incr_decr_addn_f_32
INFO: [VRFC 10-311] analyzing module cntr_incr_decr_addn_f_35
INFO: [VRFC 10-311] analyzing module cntr_incr_decr_addn_f_42
INFO: [VRFC 10-311] analyzing module cntr_incr_decr_addn_f__parameterized0
INFO: [VRFC 10-311] analyzing module cntr_incr_decr_addn_f__parameterized0_31
INFO: [VRFC 10-311] analyzing module control_unit
INFO: [VRFC 10-311] analyzing module ctrl_rd_bram
INFO: [VRFC 10-311] analyzing module ctrl_rd_bram_2
INFO: [VRFC 10-311] analyzing module ctrl_wr_bram
INFO: [VRFC 10-311] analyzing module design_1
INFO: [VRFC 10-311] analyzing module design_1_auto_ds_0
INFO: [VRFC 10-311] analyzing module design_1_auto_pc_0
INFO: [VRFC 10-311] analyzing module design_1_axi_bram_ctrl_0_0
INFO: [VRFC 10-311] analyzing module design_1_axi_bram_ctrl_0_1
INFO: [VRFC 10-311] analyzing module design_1_axi_cdma_0_0
INFO: [VRFC 10-311] analyzing module design_1_axi_interconnect_0_0
INFO: [VRFC 10-311] analyzing module design_1_blk_mem_gen_0_0
INFO: [VRFC 10-311] analyzing module design_1_blk_mem_gen_0_1
INFO: [VRFC 10-311] analyzing module design_1_bram_ctrl_0_0
INFO: [VRFC 10-311] analyzing module design_1_bram_ctrl_0_1
INFO: [VRFC 10-311] analyzing module design_1_m00_data_fifo_0
INFO: [VRFC 10-311] analyzing module design_1_m01_data_fifo_0
INFO: [VRFC 10-311] analyzing module design_1_proc_sys_reset_0_0
INFO: [VRFC 10-311] analyzing module design_1_register_bank_0_0
INFO: [VRFC 10-311] analyzing module design_1_s00_data_fifo_0
INFO: [VRFC 10-311] analyzing module design_1_smartconnect_0_0
INFO: [VRFC 10-311] analyzing module design_1_steganography_0_0
INFO: [VRFC 10-311] analyzing module design_1_wrapper
INFO: [VRFC 10-311] analyzing module design_1_xbar_0
INFO: [VRFC 10-311] analyzing module design_1_zynq_ultra_ps_e_0_0
INFO: [VRFC 10-311] analyzing module dynshreg_f
INFO: [VRFC 10-311] analyzing module dynshreg_f_43
INFO: [VRFC 10-311] analyzing module dynshreg_f__parameterized0
INFO: [VRFC 10-311] analyzing module dynshreg_f__parameterized1
INFO: [VRFC 10-311] analyzing module dynshreg_f__parameterized2
INFO: [VRFC 10-311] analyzing module dynshreg_f__parameterized3
INFO: [VRFC 10-311] analyzing module fifo
INFO: [VRFC 10-311] analyzing module fifo_0
INFO: [VRFC 10-311] analyzing module fifo_1
INFO: [VRFC 10-311] analyzing module full_axi
INFO: [VRFC 10-311] analyzing module full_axi_46
INFO: [VRFC 10-311] analyzing module lpf
INFO: [VRFC 10-311] analyzing module lpf__parameterized0
INFO: [VRFC 10-311] analyzing module m00_couplers_imp_1CA5Z32
INFO: [VRFC 10-311] analyzing module m00_exit_pipeline_imp_CVVFJV
INFO: [VRFC 10-311] analyzing module m00_nodes_imp_Z1B1P3
INFO: [VRFC 10-311] analyzing module m01_couplers_imp_I4GRPB
INFO: [VRFC 10-311] analyzing module m01_exit_pipeline_imp_FWTRCR
INFO: [VRFC 10-311] analyzing module m01_nodes_imp_1R2BU3L
INFO: [VRFC 10-311] analyzing module m02_exit_pipeline_imp_19C6Z
INFO: [VRFC 10-311] analyzing module m02_nodes_imp_185W3JU
INFO: [VRFC 10-311] analyzing module proc_sys_reset
INFO: [VRFC 10-311] analyzing module proc_sys_reset__parameterized1
INFO: [VRFC 10-311] analyzing module rd_chnl
INFO: [VRFC 10-311] analyzing module rd_chnl_48
INFO: [VRFC 10-311] analyzing module register_bank
INFO: [VRFC 10-311] analyzing module s00_couplers_imp_O7FAN0
INFO: [VRFC 10-311] analyzing module s00_entry_pipeline_imp_1C3JDRS
INFO: [VRFC 10-311] analyzing module s00_nodes_imp_1FAO4F6
INFO: [VRFC 10-311] analyzing module sequence_psr
INFO: [VRFC 10-311] analyzing module sequence_psr_306
INFO: [VRFC 10-311] analyzing module sgpp
INFO: [VRFC 10-311] analyzing module sng_port_arb
INFO: [VRFC 10-311] analyzing module sng_port_arb_47
INFO: [VRFC 10-311] analyzing module srl_fifo_f
INFO: [VRFC 10-311] analyzing module srl_fifo_f_40
INFO: [VRFC 10-311] analyzing module srl_fifo_f__parameterized0
INFO: [VRFC 10-311] analyzing module srl_fifo_f__parameterized1
INFO: [VRFC 10-311] analyzing module srl_fifo_f__parameterized2
INFO: [VRFC 10-311] analyzing module srl_fifo_f__parameterized3
INFO: [VRFC 10-311] analyzing module srl_fifo_rbu_f
INFO: [VRFC 10-311] analyzing module srl_fifo_rbu_f_41
INFO: [VRFC 10-311] analyzing module srl_fifo_rbu_f__parameterized0
INFO: [VRFC 10-311] analyzing module srl_fifo_rbu_f__parameterized1
INFO: [VRFC 10-311] analyzing module srl_fifo_rbu_f__parameterized2
INFO: [VRFC 10-311] analyzing module srl_fifo_rbu_f__parameterized3
INFO: [VRFC 10-311] analyzing module steganography
INFO: [VRFC 10-311] analyzing module switchboards_imp_1MKJLH2
INFO: [VRFC 10-311] analyzing module upcnt_n
INFO: [VRFC 10-311] analyzing module upcnt_n_307
INFO: [VRFC 10-311] analyzing module wr_chnl
INFO: [VRFC 10-311] analyzing module wr_chnl_49
INFO: [VRFC 10-311] analyzing module xpm_cdc_async_rst
INFO: [VRFC 10-311] analyzing module xpm_cdc_async_rst__3
INFO: [VRFC 10-311] analyzing module xpm_cdc_async_rst__4
INFO: [VRFC 10-311] analyzing module xpm_cdc_async_rst__parameterized0__10
INFO: [VRFC 10-311] analyzing module xpm_cdc_async_rst__parameterized0__11
INFO: [VRFC 10-311] analyzing module xpm_cdc_async_rst__parameterized0__12
INFO: [VRFC 10-311] analyzing module xpm_cdc_async_rst__parameterized0__13
INFO: [VRFC 10-311] analyzing module xpm_cdc_async_rst__parameterized0__15
INFO: [VRFC 10-311] analyzing module xpm_cdc_async_rst__parameterized0__17
INFO: [VRFC 10-311] analyzing module xpm_cdc_async_rst__parameterized0__19
INFO: [VRFC 10-311] analyzing module xpm_cdc_async_rst__parameterized0__21
INFO: [VRFC 10-311] analyzing module xpm_cdc_async_rst__parameterized0__23
INFO: [VRFC 10-311] analyzing module xpm_cdc_async_rst__parameterized0__25
INFO: [VRFC 10-311] analyzing module xpm_cdc_async_rst__parameterized0__27
INFO: [VRFC 10-311] analyzing module xpm_cdc_async_rst__parameterized0__29
INFO: [VRFC 10-311] analyzing module xpm_cdc_async_rst__parameterized0__31
INFO: [VRFC 10-311] analyzing module xpm_cdc_async_rst__parameterized0__33
INFO: [VRFC 10-311] analyzing module xpm_cdc_async_rst__parameterized0__35
INFO: [VRFC 10-311] analyzing module xpm_cdc_async_rst__parameterized0__37
INFO: [VRFC 10-311] analyzing module xpm_cdc_async_rst__parameterized0__39
INFO: [VRFC 10-311] analyzing module xpm_cdc_async_rst__parameterized0__41
INFO: [VRFC 10-311] analyzing module xpm_cdc_async_rst__parameterized0__43
INFO: [VRFC 10-311] analyzing module xpm_cdc_async_rst__parameterized0__45
INFO: [VRFC 10-311] analyzing module xpm_cdc_async_rst__parameterized0__47
INFO: [VRFC 10-311] analyzing module xpm_cdc_async_rst__parameterized0__49
INFO: [VRFC 10-311] analyzing module xpm_cdc_async_rst__parameterized0__51
INFO: [VRFC 10-311] analyzing module xpm_cdc_async_rst__parameterized0__7
INFO: [VRFC 10-311] analyzing module xpm_cdc_async_rst__parameterized0__8
INFO: [VRFC 10-311] analyzing module xpm_cdc_async_rst__parameterized0__9
INFO: [VRFC 10-311] analyzing module xpm_memory_base__parameterized0
INFO: [VRFC 10-311] analyzing module xpm_memory_base__parameterized0__10
INFO: [VRFC 10-311] analyzing module xpm_memory_base__parameterized0__6
INFO: [VRFC 10-311] analyzing module xpm_memory_base__parameterized0__7
INFO: [VRFC 10-311] analyzing module xpm_memory_base__parameterized0__8
INFO: [VRFC 10-311] analyzing module xpm_memory_base__parameterized0__9
INFO: [VRFC 10-311] analyzing module xpm_memory_base__parameterized10
INFO: [VRFC 10-311] analyzing module xpm_memory_base__parameterized2
INFO: [VRFC 10-311] analyzing module xpm_memory_base__parameterized2__3
INFO: [VRFC 10-311] analyzing module xpm_memory_base__parameterized2__4
INFO: [VRFC 10-311] analyzing module xpm_memory_base__parameterized3
INFO: [VRFC 10-311] analyzing module xpm_memory_base__parameterized3__2
INFO: [VRFC 10-311] analyzing module xpm_memory_base__parameterized3__3
INFO: [VRFC 10-311] analyzing module xpm_memory_base__parameterized4
INFO: [VRFC 10-311] analyzing module xpm_memory_base__parameterized5
INFO: [VRFC 10-311] analyzing module xpm_memory_base__parameterized5__2
INFO: [VRFC 10-311] analyzing module xpm_memory_base__parameterized6
INFO: [VRFC 10-311] analyzing module xpm_memory_base__parameterized6__2
INFO: [VRFC 10-311] analyzing module xpm_memory_base__parameterized6__3
INFO: [VRFC 10-311] analyzing module xpm_memory_base__parameterized7
INFO: [VRFC 10-311] analyzing module xpm_memory_base__parameterized7__2
INFO: [VRFC 10-311] analyzing module xpm_memory_base__parameterized8
INFO: [VRFC 10-311] analyzing module xpm_memory_base__parameterized9
INFO: [VRFC 10-311] analyzing module xpm_memory_sdpram__parameterized0
INFO: [VRFC 10-311] analyzing module xpm_memory_sdpram__parameterized0__10
INFO: [VRFC 10-311] analyzing module xpm_memory_sdpram__parameterized0__6
INFO: [VRFC 10-311] analyzing module xpm_memory_sdpram__parameterized0__7
INFO: [VRFC 10-311] analyzing module xpm_memory_sdpram__parameterized0__8
INFO: [VRFC 10-311] analyzing module xpm_memory_sdpram__parameterized0__9
INFO: [VRFC 10-311] analyzing module xpm_memory_sdpram__parameterized10
INFO: [VRFC 10-311] analyzing module xpm_memory_sdpram__parameterized2
INFO: [VRFC 10-311] analyzing module xpm_memory_sdpram__parameterized2__3
INFO: [VRFC 10-311] analyzing module xpm_memory_sdpram__parameterized2__4
INFO: [VRFC 10-311] analyzing module xpm_memory_sdpram__parameterized3
INFO: [VRFC 10-311] analyzing module xpm_memory_sdpram__parameterized3__2
INFO: [VRFC 10-311] analyzing module xpm_memory_sdpram__parameterized3__3
INFO: [VRFC 10-311] analyzing module xpm_memory_sdpram__parameterized4
INFO: [VRFC 10-311] analyzing module xpm_memory_sdpram__parameterized5
INFO: [VRFC 10-311] analyzing module xpm_memory_sdpram__parameterized5__2
INFO: [VRFC 10-311] analyzing module xpm_memory_sdpram__parameterized6
INFO: [VRFC 10-311] analyzing module xpm_memory_sdpram__parameterized6__2
INFO: [VRFC 10-311] analyzing module xpm_memory_sdpram__parameterized6__3
INFO: [VRFC 10-311] analyzing module xpm_memory_sdpram__parameterized7
INFO: [VRFC 10-311] analyzing module xpm_memory_sdpram__parameterized7__2
INFO: [VRFC 10-311] analyzing module xpm_memory_sdpram__parameterized8
INFO: [VRFC 10-311] analyzing module xpm_memory_sdpram__parameterized9
INFO: [VRFC 10-311] analyzing module zynq_ultra_ps_e_v3_5_0_zynq_ultra_ps_e
INFO: [VRFC 10-311] analyzing module sc_axi2sc_v1_0_8_top
INFO: [VRFC 10-311] analyzing module sc_exit_v1_0_13_exit
INFO: [VRFC 10-311] analyzing module sc_exit_v1_0_13_exit__parameterized0
INFO: [VRFC 10-311] analyzing module sc_exit_v1_0_13_exit__parameterized0_222
INFO: [VRFC 10-311] analyzing module sc_exit_v1_0_13_top
INFO: [VRFC 10-311] analyzing module sc_exit_v1_0_13_top__parameterized0
INFO: [VRFC 10-311] analyzing module sc_exit_v1_0_13_top__parameterized0__xdcDup__1
INFO: [VRFC 10-311] analyzing module sc_mmu_v1_0_11_decerr_slave
INFO: [VRFC 10-311] analyzing module sc_mmu_v1_0_11_top
INFO: [VRFC 10-311] analyzing module sc_node_v1_0_14_arb_alg_rr
INFO: [VRFC 10-311] analyzing module sc_node_v1_0_14_arb_alg_rr_63
INFO: [VRFC 10-311] analyzing module sc_node_v1_0_14_downsizer
INFO: [VRFC 10-311] analyzing module sc_node_v1_0_14_downsizer_174
INFO: [VRFC 10-311] analyzing module sc_node_v1_0_14_downsizer__parameterized0
INFO: [VRFC 10-311] analyzing module sc_node_v1_0_14_fi_regulator
INFO: [VRFC 10-311] analyzing module sc_node_v1_0_14_fi_regulator_122
INFO: [VRFC 10-311] analyzing module sc_node_v1_0_14_fi_regulator_184
INFO: [VRFC 10-311] analyzing module sc_node_v1_0_14_fifo
INFO: [VRFC 10-311] analyzing module sc_node_v1_0_14_fifo__parameterized0
INFO: [VRFC 10-311] analyzing module sc_node_v1_0_14_fifo__parameterized0__xdcDup__1
INFO: [VRFC 10-311] analyzing module sc_node_v1_0_14_fifo__parameterized0__xdcDup__2
INFO: [VRFC 10-311] analyzing module sc_node_v1_0_14_fifo__parameterized0__xdcDup__3
INFO: [VRFC 10-311] analyzing module sc_node_v1_0_14_fifo__parameterized0__xdcDup__4
INFO: [VRFC 10-311] analyzing module sc_node_v1_0_14_fifo__parameterized0__xdcDup__5
INFO: [VRFC 10-311] analyzing module sc_node_v1_0_14_fifo__parameterized1
INFO: [VRFC 10-311] analyzing module sc_node_v1_0_14_fifo__parameterized10
INFO: [VRFC 10-311] analyzing module sc_node_v1_0_14_fifo__parameterized11
INFO: [VRFC 10-311] analyzing module sc_node_v1_0_14_fifo__parameterized12
INFO: [VRFC 10-311] analyzing module sc_node_v1_0_14_fifo__parameterized13
INFO: [VRFC 10-311] analyzing module sc_node_v1_0_14_fifo__parameterized1__xdcDup__1
INFO: [VRFC 10-311] analyzing module sc_node_v1_0_14_fifo__parameterized1__xdcDup__2
INFO: [VRFC 10-311] analyzing module sc_node_v1_0_14_fifo__parameterized1__xdcDup__3
INFO: [VRFC 10-311] analyzing module sc_node_v1_0_14_fifo__parameterized2
INFO: [VRFC 10-311] analyzing module sc_node_v1_0_14_fifo__parameterized2__xdcDup__1
INFO: [VRFC 10-311] analyzing module sc_node_v1_0_14_fifo__parameterized2__xdcDup__2
INFO: [VRFC 10-311] analyzing module sc_node_v1_0_14_fifo__parameterized3
INFO: [VRFC 10-311] analyzing module sc_node_v1_0_14_fifo__parameterized4
INFO: [VRFC 10-311] analyzing module sc_node_v1_0_14_fifo__parameterized5
INFO: [VRFC 10-311] analyzing module sc_node_v1_0_14_fifo__parameterized5__xdcDup__1
INFO: [VRFC 10-311] analyzing module sc_node_v1_0_14_fifo__parameterized6
INFO: [VRFC 10-311] analyzing module sc_node_v1_0_14_fifo__parameterized6__xdcDup__1
INFO: [VRFC 10-311] analyzing module sc_node_v1_0_14_fifo__parameterized7
INFO: [VRFC 10-311] analyzing module sc_node_v1_0_14_fifo__parameterized7__xdcDup__1
INFO: [VRFC 10-311] analyzing module sc_node_v1_0_14_fifo__parameterized8
INFO: [VRFC 10-311] analyzing module sc_node_v1_0_14_fifo__parameterized8__xdcDup__1
INFO: [VRFC 10-311] analyzing module sc_node_v1_0_14_fifo__parameterized9
INFO: [VRFC 10-311] analyzing module sc_node_v1_0_14_fifo__parameterized9__xdcDup__1
INFO: [VRFC 10-311] analyzing module sc_node_v1_0_14_fifo__xdcDup__1
INFO: [VRFC 10-311] analyzing module sc_node_v1_0_14_fifo__xdcDup__10
INFO: [VRFC 10-311] analyzing module sc_node_v1_0_14_fifo__xdcDup__2
INFO: [VRFC 10-311] analyzing module sc_node_v1_0_14_fifo__xdcDup__3
INFO: [VRFC 10-311] analyzing module sc_node_v1_0_14_fifo__xdcDup__4
INFO: [VRFC 10-311] analyzing module sc_node_v1_0_14_fifo__xdcDup__5
INFO: [VRFC 10-311] analyzing module sc_node_v1_0_14_fifo__xdcDup__6
INFO: [VRFC 10-311] analyzing module sc_node_v1_0_14_fifo__xdcDup__7
INFO: [VRFC 10-311] analyzing module sc_node_v1_0_14_fifo__xdcDup__8
INFO: [VRFC 10-311] analyzing module sc_node_v1_0_14_fifo__xdcDup__9
INFO: [VRFC 10-311] analyzing module sc_node_v1_0_14_ingress
INFO: [VRFC 10-311] analyzing module sc_node_v1_0_14_ingress__parameterized0
INFO: [VRFC 10-311] analyzing module sc_node_v1_0_14_ingress__parameterized11
INFO: [VRFC 10-311] analyzing module sc_node_v1_0_14_ingress__parameterized12
INFO: [VRFC 10-311] analyzing module sc_node_v1_0_14_ingress__parameterized3
INFO: [VRFC 10-311] analyzing module sc_node_v1_0_14_ingress__parameterized4
INFO: [VRFC 10-311] analyzing module sc_node_v1_0_14_ingress__parameterized4_211
INFO: [VRFC 10-311] analyzing module sc_node_v1_0_14_ingress__parameterized5
INFO: [VRFC 10-311] analyzing module sc_node_v1_0_14_ingress__parameterized5_202
INFO: [VRFC 10-311] analyzing module sc_node_v1_0_14_ingress__parameterized8
INFO: [VRFC 10-311] analyzing module sc_node_v1_0_14_ingress__parameterized8_175
INFO: [VRFC 10-311] analyzing module sc_node_v1_0_14_mi_handler
INFO: [VRFC 10-311] analyzing module sc_node_v1_0_14_mi_handler__parameterized0
INFO: [VRFC 10-311] analyzing module sc_node_v1_0_14_mi_handler__parameterized1
INFO: [VRFC 10-311] analyzing module sc_node_v1_0_14_mi_handler__parameterized10
INFO: [VRFC 10-311] analyzing module sc_node_v1_0_14_mi_handler__parameterized11
INFO: [VRFC 10-311] analyzing module sc_node_v1_0_14_mi_handler__parameterized12
INFO: [VRFC 10-311] analyzing module sc_node_v1_0_14_mi_handler__parameterized13
INFO: [VRFC 10-311] analyzing module sc_node_v1_0_14_mi_handler__parameterized2
INFO: [VRFC 10-311] analyzing module sc_node_v1_0_14_mi_handler__parameterized3
INFO: [VRFC 10-311] analyzing module sc_node_v1_0_14_mi_handler__parameterized4
INFO: [VRFC 10-311] analyzing module sc_node_v1_0_14_mi_handler__parameterized4__xdcDup__1
INFO: [VRFC 10-311] analyzing module sc_node_v1_0_14_mi_handler__parameterized5
INFO: [VRFC 10-311] analyzing module sc_node_v1_0_14_mi_handler__parameterized5__xdcDup__1
INFO: [VRFC 10-311] analyzing module sc_node_v1_0_14_mi_handler__parameterized6
INFO: [VRFC 10-311] analyzing module sc_node_v1_0_14_mi_handler__parameterized6__xdcDup__1
INFO: [VRFC 10-311] analyzing module sc_node_v1_0_14_mi_handler__parameterized7
INFO: [VRFC 10-311] analyzing module sc_node_v1_0_14_mi_handler__parameterized7__xdcDup__1
INFO: [VRFC 10-311] analyzing module sc_node_v1_0_14_mi_handler__parameterized8
INFO: [VRFC 10-311] analyzing module sc_node_v1_0_14_mi_handler__parameterized8__xdcDup__1
INFO: [VRFC 10-311] analyzing module sc_node_v1_0_14_mi_handler__parameterized9
INFO: [VRFC 10-311] analyzing module sc_node_v1_0_14_reg_slice3__parameterized0
INFO: [VRFC 10-311] analyzing module sc_node_v1_0_14_reg_slice3__parameterized0_129
INFO: [VRFC 10-311] analyzing module sc_node_v1_0_14_reg_slice3__parameterized0_186
INFO: [VRFC 10-311] analyzing module sc_node_v1_0_14_reg_slice3__parameterized0_194
INFO: [VRFC 10-311] analyzing module sc_node_v1_0_14_reg_slice3__parameterized0_252
INFO: [VRFC 10-311] analyzing module sc_node_v1_0_14_reg_slice3__parameterized0_260
INFO: [VRFC 10-311] analyzing module sc_node_v1_0_14_reg_slice3__parameterized2
INFO: [VRFC 10-311] analyzing module sc_node_v1_0_14_reg_slice3__parameterized2_75
INFO: [VRFC 10-311] analyzing module sc_node_v1_0_14_reg_slice3__parameterized2_82
INFO: [VRFC 10-311] analyzing module sc_node_v1_0_14_si_handler
INFO: [VRFC 10-311] analyzing module sc_node_v1_0_14_si_handler_144
INFO: [VRFC 10-311] analyzing module sc_node_v1_0_14_si_handler_210
INFO: [VRFC 10-311] analyzing module sc_node_v1_0_14_si_handler_275
INFO: [VRFC 10-311] analyzing module sc_node_v1_0_14_si_handler__parameterized0
INFO: [VRFC 10-311] analyzing module sc_node_v1_0_14_si_handler__parameterized0_136
INFO: [VRFC 10-311] analyzing module sc_node_v1_0_14_si_handler__parameterized0_201
INFO: [VRFC 10-311] analyzing module sc_node_v1_0_14_si_handler__parameterized0_267
INFO: [VRFC 10-311] analyzing module sc_node_v1_0_14_si_handler__parameterized1
INFO: [VRFC 10-311] analyzing module sc_node_v1_0_14_si_handler__parameterized1_193
INFO: [VRFC 10-311] analyzing module sc_node_v1_0_14_si_handler__parameterized1_259
INFO: [VRFC 10-311] analyzing module sc_node_v1_0_14_si_handler__parameterized2
INFO: [VRFC 10-311] analyzing module sc_node_v1_0_14_si_handler__parameterized2_183
INFO: [VRFC 10-311] analyzing module sc_node_v1_0_14_si_handler__parameterized2_251
INFO: [VRFC 10-311] analyzing module sc_node_v1_0_14_si_handler__parameterized3
INFO: [VRFC 10-311] analyzing module sc_node_v1_0_14_si_handler__parameterized3_114
INFO: [VRFC 10-311] analyzing module sc_node_v1_0_14_si_handler__parameterized3_173
INFO: [VRFC 10-311] analyzing module sc_node_v1_0_14_si_handler__parameterized3_243
INFO: [VRFC 10-311] analyzing module sc_node_v1_0_14_si_handler__parameterized4
INFO: [VRFC 10-311] analyzing module sc_node_v1_0_14_si_handler__parameterized5
INFO: [VRFC 10-311] analyzing module sc_node_v1_0_14_top
INFO: [VRFC 10-311] analyzing module sc_node_v1_0_14_top__parameterized0
INFO: [VRFC 10-311] analyzing module sc_node_v1_0_14_top__parameterized1
INFO: [VRFC 10-311] analyzing module sc_node_v1_0_14_top__parameterized10
INFO: [VRFC 10-311] analyzing module sc_node_v1_0_14_top__parameterized11
INFO: [VRFC 10-311] analyzing module sc_node_v1_0_14_top__parameterized12
INFO: [VRFC 10-311] analyzing module sc_node_v1_0_14_top__parameterized13
INFO: [VRFC 10-311] analyzing module sc_node_v1_0_14_top__parameterized2
INFO: [VRFC 10-311] analyzing module sc_node_v1_0_14_top__parameterized3
INFO: [VRFC 10-311] analyzing module sc_node_v1_0_14_top__parameterized4
INFO: [VRFC 10-311] analyzing module sc_node_v1_0_14_top__parameterized4__xdcDup__1
INFO: [VRFC 10-311] analyzing module sc_node_v1_0_14_top__parameterized5
INFO: [VRFC 10-311] analyzing module sc_node_v1_0_14_top__parameterized5__xdcDup__1
INFO: [VRFC 10-311] analyzing module sc_node_v1_0_14_top__parameterized6
INFO: [VRFC 10-311] analyzing module sc_node_v1_0_14_top__parameterized6__xdcDup__1
INFO: [VRFC 10-311] analyzing module sc_node_v1_0_14_top__parameterized7
INFO: [VRFC 10-311] analyzing module sc_node_v1_0_14_top__parameterized7__xdcDup__1
INFO: [VRFC 10-311] analyzing module sc_node_v1_0_14_top__parameterized8
INFO: [VRFC 10-311] analyzing module sc_node_v1_0_14_top__parameterized8__xdcDup__1
INFO: [VRFC 10-311] analyzing module sc_node_v1_0_14_top__parameterized9
INFO: [VRFC 10-311] analyzing module sc_node_v1_0_14_upsizer
INFO: [VRFC 10-311] analyzing module sc_node_v1_0_14_upsizer_185
INFO: [VRFC 10-311] analyzing module sc_node_v1_0_14_upsizer__parameterized0
INFO: [VRFC 10-311] analyzing module sc_sc2axi_v1_0_8_top
INFO: [VRFC 10-311] analyzing module sc_sc2axi_v1_0_8_top__parameterized0
INFO: [VRFC 10-311] analyzing module sc_sc2axi_v1_0_8_top__parameterized0__1
INFO: [VRFC 10-311] analyzing module sc_si_converter_v1_0_11_splitter
INFO: [VRFC 10-311] analyzing module sc_si_converter_v1_0_11_top
INFO: [VRFC 10-311] analyzing module sc_switchboard_v1_0_6_top
INFO: [VRFC 10-311] analyzing module sc_switchboard_v1_0_6_top__1
INFO: [VRFC 10-311] analyzing module sc_switchboard_v1_0_6_top__parameterized0
INFO: [VRFC 10-311] analyzing module sc_switchboard_v1_0_6_top__parameterized1
INFO: [VRFC 10-311] analyzing module sc_switchboard_v1_0_6_top__parameterized2
INFO: [VRFC 10-311] analyzing module sc_transaction_regulator_v1_0_9_singleorder
INFO: [VRFC 10-311] analyzing module sc_transaction_regulator_v1_0_9_singleorder_89
INFO: [VRFC 10-311] analyzing module sc_transaction_regulator_v1_0_9_top
INFO: [VRFC 10-311] analyzing module sc_util_v1_0_4_axi_reg_stall
INFO: [VRFC 10-311] analyzing module sc_util_v1_0_4_axi_reg_stall_104
INFO: [VRFC 10-311] analyzing module sc_util_v1_0_4_axi_reg_stall_105
INFO: [VRFC 10-311] analyzing module sc_util_v1_0_4_axi_reg_stall_106
INFO: [VRFC 10-311] analyzing module sc_util_v1_0_4_axi_reg_stall_107
INFO: [VRFC 10-311] analyzing module sc_util_v1_0_4_axi_reg_stall_108
INFO: [VRFC 10-311] analyzing module sc_util_v1_0_4_axi_reg_stall_109
INFO: [VRFC 10-311] analyzing module sc_util_v1_0_4_axi_reg_stall_110
INFO: [VRFC 10-311] analyzing module sc_util_v1_0_4_axi_reg_stall_152
INFO: [VRFC 10-311] analyzing module sc_util_v1_0_4_axi_reg_stall_153
INFO: [VRFC 10-311] analyzing module sc_util_v1_0_4_axi_reg_stall_154
INFO: [VRFC 10-311] analyzing module sc_util_v1_0_4_axi_reg_stall_155
INFO: [VRFC 10-311] analyzing module sc_util_v1_0_4_axi_reg_stall_156
INFO: [VRFC 10-311] analyzing module sc_util_v1_0_4_axi_reg_stall_219
INFO: [VRFC 10-311] analyzing module sc_util_v1_0_4_axi_reg_stall_220
INFO: [VRFC 10-311] analyzing module sc_util_v1_0_4_axi_reg_stall_221
INFO: [VRFC 10-311] analyzing module sc_util_v1_0_4_axi_reg_stall_223
INFO: [VRFC 10-311] analyzing module sc_util_v1_0_4_axi_reg_stall_224
INFO: [VRFC 10-311] analyzing module sc_util_v1_0_4_axi_reg_stall_283
INFO: [VRFC 10-311] analyzing module sc_util_v1_0_4_axi_reg_stall_284
INFO: [VRFC 10-311] analyzing module sc_util_v1_0_4_axi_reg_stall_285
INFO: [VRFC 10-311] analyzing module sc_util_v1_0_4_axi_reg_stall_286
INFO: [VRFC 10-311] analyzing module sc_util_v1_0_4_axi_reg_stall_287
INFO: [VRFC 10-311] analyzing module sc_util_v1_0_4_axi_reg_stall_90
INFO: [VRFC 10-311] analyzing module sc_util_v1_0_4_axi_splitter
INFO: [VRFC 10-311] analyzing module sc_util_v1_0_4_axic_reg_srl_fifo
INFO: [VRFC 10-311] analyzing module sc_util_v1_0_4_axic_reg_srl_fifo_225
INFO: [VRFC 10-311] analyzing module sc_util_v1_0_4_axic_reg_srl_fifo_288
INFO: [VRFC 10-311] analyzing module sc_util_v1_0_4_axic_reg_srl_fifo__parameterized0
INFO: [VRFC 10-311] analyzing module sc_util_v1_0_4_axic_reg_srl_fifo__parameterized0_226
INFO: [VRFC 10-311] analyzing module sc_util_v1_0_4_axic_reg_srl_fifo__parameterized0_289
INFO: [VRFC 10-311] analyzing module sc_util_v1_0_4_axic_reg_srl_fifo__parameterized1
INFO: [VRFC 10-311] analyzing module sc_util_v1_0_4_axic_reg_srl_fifo__parameterized2
INFO: [VRFC 10-311] analyzing module sc_util_v1_0_4_counter
INFO: [VRFC 10-311] analyzing module sc_util_v1_0_4_counter_116
INFO: [VRFC 10-311] analyzing module sc_util_v1_0_4_counter_117
INFO: [VRFC 10-311] analyzing module sc_util_v1_0_4_counter_119
INFO: [VRFC 10-311] analyzing module sc_util_v1_0_4_counter_120
INFO: [VRFC 10-311] analyzing module sc_util_v1_0_4_counter_123
INFO: [VRFC 10-311] analyzing module sc_util_v1_0_4_counter_124
INFO: [VRFC 10-311] analyzing module sc_util_v1_0_4_counter_126
INFO: [VRFC 10-311] analyzing module sc_util_v1_0_4_counter_127
INFO: [VRFC 10-311] analyzing module sc_util_v1_0_4_counter_130
INFO: [VRFC 10-311] analyzing module sc_util_v1_0_4_counter_131
INFO: [VRFC 10-311] analyzing module sc_util_v1_0_4_counter_133
INFO: [VRFC 10-311] analyzing module sc_util_v1_0_4_counter_134
INFO: [VRFC 10-311] analyzing module sc_util_v1_0_4_counter_138
INFO: [VRFC 10-311] analyzing module sc_util_v1_0_4_counter_139
INFO: [VRFC 10-311] analyzing module sc_util_v1_0_4_counter_141
INFO: [VRFC 10-311] analyzing module sc_util_v1_0_4_counter_142
INFO: [VRFC 10-311] analyzing module sc_util_v1_0_4_counter_146
INFO: [VRFC 10-311] analyzing module sc_util_v1_0_4_counter_147
INFO: [VRFC 10-311] analyzing module sc_util_v1_0_4_counter_149
INFO: [VRFC 10-311] analyzing module sc_util_v1_0_4_counter_150
INFO: [VRFC 10-311] analyzing module sc_util_v1_0_4_counter_177
INFO: [VRFC 10-311] analyzing module sc_util_v1_0_4_counter_178
INFO: [VRFC 10-311] analyzing module sc_util_v1_0_4_counter_180
INFO: [VRFC 10-311] analyzing module sc_util_v1_0_4_counter_181
INFO: [VRFC 10-311] analyzing module sc_util_v1_0_4_counter_187
INFO: [VRFC 10-311] analyzing module sc_util_v1_0_4_counter_188
INFO: [VRFC 10-311] analyzing module sc_util_v1_0_4_counter_190
INFO: [VRFC 10-311] analyzing module sc_util_v1_0_4_counter_191
INFO: [VRFC 10-311] analyzing module sc_util_v1_0_4_counter_195
INFO: [VRFC 10-311] analyzing module sc_util_v1_0_4_counter_196
INFO: [VRFC 10-311] analyzing module sc_util_v1_0_4_counter_198
INFO: [VRFC 10-311] analyzing module sc_util_v1_0_4_counter_199
INFO: [VRFC 10-311] analyzing module sc_util_v1_0_4_counter_204
INFO: [VRFC 10-311] analyzing module sc_util_v1_0_4_counter_205
INFO: [VRFC 10-311] analyzing module sc_util_v1_0_4_counter_207
INFO: [VRFC 10-311] analyzing module sc_util_v1_0_4_counter_208
INFO: [VRFC 10-311] analyzing module sc_util_v1_0_4_counter_213
INFO: [VRFC 10-311] analyzing module sc_util_v1_0_4_counter_214
INFO: [VRFC 10-311] analyzing module sc_util_v1_0_4_counter_216
INFO: [VRFC 10-311] analyzing module sc_util_v1_0_4_counter_217
INFO: [VRFC 10-311] analyzing module sc_util_v1_0_4_counter_245
INFO: [VRFC 10-311] analyzing module sc_util_v1_0_4_counter_246
INFO: [VRFC 10-311] analyzing module sc_util_v1_0_4_counter_248
INFO: [VRFC 10-311] analyzing module sc_util_v1_0_4_counter_249
INFO: [VRFC 10-311] analyzing module sc_util_v1_0_4_counter_253
INFO: [VRFC 10-311] analyzing module sc_util_v1_0_4_counter_254
INFO: [VRFC 10-311] analyzing module sc_util_v1_0_4_counter_256
INFO: [VRFC 10-311] analyzing module sc_util_v1_0_4_counter_257
INFO: [VRFC 10-311] analyzing module sc_util_v1_0_4_counter_261
INFO: [VRFC 10-311] analyzing module sc_util_v1_0_4_counter_262
INFO: [VRFC 10-311] analyzing module sc_util_v1_0_4_counter_264
INFO: [VRFC 10-311] analyzing module sc_util_v1_0_4_counter_265
INFO: [VRFC 10-311] analyzing module sc_util_v1_0_4_counter_269
INFO: [VRFC 10-311] analyzing module sc_util_v1_0_4_counter_270
INFO: [VRFC 10-311] analyzing module sc_util_v1_0_4_counter_272
INFO: [VRFC 10-311] analyzing module sc_util_v1_0_4_counter_273
INFO: [VRFC 10-311] analyzing module sc_util_v1_0_4_counter_277
INFO: [VRFC 10-311] analyzing module sc_util_v1_0_4_counter_278
INFO: [VRFC 10-311] analyzing module sc_util_v1_0_4_counter_280
INFO: [VRFC 10-311] analyzing module sc_util_v1_0_4_counter_281
INFO: [VRFC 10-311] analyzing module sc_util_v1_0_4_counter_51
INFO: [VRFC 10-311] analyzing module sc_util_v1_0_4_counter_52
INFO: [VRFC 10-311] analyzing module sc_util_v1_0_4_counter_53
INFO: [VRFC 10-311] analyzing module sc_util_v1_0_4_counter_57
INFO: [VRFC 10-311] analyzing module sc_util_v1_0_4_counter_58
INFO: [VRFC 10-311] analyzing module sc_util_v1_0_4_counter_60
INFO: [VRFC 10-311] analyzing module sc_util_v1_0_4_counter_61
INFO: [VRFC 10-311] analyzing module sc_util_v1_0_4_counter_69
INFO: [VRFC 10-311] analyzing module sc_util_v1_0_4_counter_70
INFO: [VRFC 10-311] analyzing module sc_util_v1_0_4_counter_72
INFO: [VRFC 10-311] analyzing module sc_util_v1_0_4_counter_73
INFO: [VRFC 10-311] analyzing module sc_util_v1_0_4_counter_76
INFO: [VRFC 10-311] analyzing module sc_util_v1_0_4_counter_77
INFO: [VRFC 10-311] analyzing module sc_util_v1_0_4_counter_79
INFO: [VRFC 10-311] analyzing module sc_util_v1_0_4_counter_80
INFO: [VRFC 10-311] analyzing module sc_util_v1_0_4_counter_83
INFO: [VRFC 10-311] analyzing module sc_util_v1_0_4_counter_84
INFO: [VRFC 10-311] analyzing module sc_util_v1_0_4_counter_86
INFO: [VRFC 10-311] analyzing module sc_util_v1_0_4_counter_87
INFO: [VRFC 10-311] analyzing module sc_util_v1_0_4_counter__parameterized0
INFO: [VRFC 10-311] analyzing module sc_util_v1_0_4_counter__parameterized0_118
INFO: [VRFC 10-311] analyzing module sc_util_v1_0_4_counter__parameterized0_121
INFO: [VRFC 10-311] analyzing module sc_util_v1_0_4_counter__parameterized0_125
INFO: [VRFC 10-311] analyzing module sc_util_v1_0_4_counter__parameterized0_128
INFO: [VRFC 10-311] analyzing module sc_util_v1_0_4_counter__parameterized0_132
INFO: [VRFC 10-311] analyzing module sc_util_v1_0_4_counter__parameterized0_135
INFO: [VRFC 10-311] analyzing module sc_util_v1_0_4_counter__parameterized0_140
INFO: [VRFC 10-311] analyzing module sc_util_v1_0_4_counter__parameterized0_143
INFO: [VRFC 10-311] analyzing module sc_util_v1_0_4_counter__parameterized0_148
INFO: [VRFC 10-311] analyzing module sc_util_v1_0_4_counter__parameterized0_151
INFO: [VRFC 10-311] analyzing module sc_util_v1_0_4_counter__parameterized0_179
INFO: [VRFC 10-311] analyzing module sc_util_v1_0_4_counter__parameterized0_182
INFO: [VRFC 10-311] analyzing module sc_util_v1_0_4_counter__parameterized0_189
INFO: [VRFC 10-311] analyzing module sc_util_v1_0_4_counter__parameterized0_192
INFO: [VRFC 10-311] analyzing module sc_util_v1_0_4_counter__parameterized0_197
INFO: [VRFC 10-311] analyzing module sc_util_v1_0_4_counter__parameterized0_200
INFO: [VRFC 10-311] analyzing module sc_util_v1_0_4_counter__parameterized0_206
INFO: [VRFC 10-311] analyzing module sc_util_v1_0_4_counter__parameterized0_209
INFO: [VRFC 10-311] analyzing module sc_util_v1_0_4_counter__parameterized0_215
INFO: [VRFC 10-311] analyzing module sc_util_v1_0_4_counter__parameterized0_218
INFO: [VRFC 10-311] analyzing module sc_util_v1_0_4_counter__parameterized0_247
INFO: [VRFC 10-311] analyzing module sc_util_v1_0_4_counter__parameterized0_250
INFO: [VRFC 10-311] analyzing module sc_util_v1_0_4_counter__parameterized0_255
INFO: [VRFC 10-311] analyzing module sc_util_v1_0_4_counter__parameterized0_258
INFO: [VRFC 10-311] analyzing module sc_util_v1_0_4_counter__parameterized0_263
INFO: [VRFC 10-311] analyzing module sc_util_v1_0_4_counter__parameterized0_266
INFO: [VRFC 10-311] analyzing module sc_util_v1_0_4_counter__parameterized0_271
INFO: [VRFC 10-311] analyzing module sc_util_v1_0_4_counter__parameterized0_274
INFO: [VRFC 10-311] analyzing module sc_util_v1_0_4_counter__parameterized0_279
INFO: [VRFC 10-311] analyzing module sc_util_v1_0_4_counter__parameterized0_282
INFO: [VRFC 10-311] analyzing module sc_util_v1_0_4_counter__parameterized0_54
INFO: [VRFC 10-311] analyzing module sc_util_v1_0_4_counter__parameterized0_59
INFO: [VRFC 10-311] analyzing module sc_util_v1_0_4_counter__parameterized0_62
INFO: [VRFC 10-311] analyzing module sc_util_v1_0_4_counter__parameterized0_71
INFO: [VRFC 10-311] analyzing module sc_util_v1_0_4_counter__parameterized0_74
INFO: [VRFC 10-311] analyzing module sc_util_v1_0_4_counter__parameterized0_78
INFO: [VRFC 10-311] analyzing module sc_util_v1_0_4_counter__parameterized0_81
INFO: [VRFC 10-311] analyzing module sc_util_v1_0_4_counter__parameterized0_85
INFO: [VRFC 10-311] analyzing module sc_util_v1_0_4_counter__parameterized0_88
INFO: [VRFC 10-311] analyzing module sc_util_v1_0_4_counter__parameterized2
INFO: [VRFC 10-311] analyzing module sc_util_v1_0_4_counter__parameterized2_55
INFO: [VRFC 10-311] analyzing module sc_util_v1_0_4_counter__parameterized2_56
INFO: [VRFC 10-311] analyzing module sc_util_v1_0_4_counter__parameterized2_64
INFO: [VRFC 10-311] analyzing module sc_util_v1_0_4_counter__parameterized2_65
INFO: [VRFC 10-311] analyzing module sc_util_v1_0_4_counter__parameterized2_66
INFO: [VRFC 10-311] analyzing module sc_util_v1_0_4_mux__parameterized0
INFO: [VRFC 10-311] analyzing module sc_util_v1_0_4_mux__parameterized1
INFO: [VRFC 10-311] analyzing module sc_util_v1_0_4_pipeline__parameterized10
INFO: [VRFC 10-311] analyzing module sc_util_v1_0_4_pipeline__parameterized10_50
INFO: [VRFC 10-311] analyzing module sc_util_v1_0_4_pipeline__parameterized12
INFO: [VRFC 10-311] analyzing module sc_util_v1_0_4_pipeline__parameterized13
INFO: [VRFC 10-311] analyzing module sc_util_v1_0_4_pipeline__parameterized14
INFO: [VRFC 10-311] analyzing module sc_util_v1_0_4_pipeline__parameterized2
INFO: [VRFC 10-311] analyzing module sc_util_v1_0_4_pipeline__parameterized2_115
INFO: [VRFC 10-311] analyzing module sc_util_v1_0_4_pipeline__parameterized2_137
INFO: [VRFC 10-311] analyzing module sc_util_v1_0_4_pipeline__parameterized2_145
INFO: [VRFC 10-311] analyzing module sc_util_v1_0_4_pipeline__parameterized2_176
INFO: [VRFC 10-311] analyzing module sc_util_v1_0_4_pipeline__parameterized2_203
INFO: [VRFC 10-311] analyzing module sc_util_v1_0_4_pipeline__parameterized2_212
INFO: [VRFC 10-311] analyzing module sc_util_v1_0_4_pipeline__parameterized2_244
INFO: [VRFC 10-311] analyzing module sc_util_v1_0_4_pipeline__parameterized2_268
INFO: [VRFC 10-311] analyzing module sc_util_v1_0_4_pipeline__parameterized2_276
INFO: [VRFC 10-311] analyzing module sc_util_v1_0_4_pipeline__parameterized2_68
INFO: [VRFC 10-311] analyzing module sc_util_v1_0_4_pipeline__parameterized8
INFO: [VRFC 10-311] analyzing module sc_util_v1_0_4_pipeline__parameterized8_67
INFO: [VRFC 10-311] analyzing module sc_util_v1_0_4_pipeline__parameterized9
INFO: [VRFC 10-311] analyzing module sc_util_v1_0_4_srl_rtl
INFO: [VRFC 10-311] analyzing module sc_util_v1_0_4_srl_rtl_100
INFO: [VRFC 10-311] analyzing module sc_util_v1_0_4_srl_rtl_101
INFO: [VRFC 10-311] analyzing module sc_util_v1_0_4_srl_rtl_102
INFO: [VRFC 10-311] analyzing module sc_util_v1_0_4_srl_rtl_103
INFO: [VRFC 10-311] analyzing module sc_util_v1_0_4_srl_rtl_111
INFO: [VRFC 10-311] analyzing module sc_util_v1_0_4_srl_rtl_112
INFO: [VRFC 10-311] analyzing module sc_util_v1_0_4_srl_rtl_113
INFO: [VRFC 10-311] analyzing module sc_util_v1_0_4_srl_rtl_157
INFO: [VRFC 10-311] analyzing module sc_util_v1_0_4_srl_rtl_158
INFO: [VRFC 10-311] analyzing module sc_util_v1_0_4_srl_rtl_159
INFO: [VRFC 10-311] analyzing module sc_util_v1_0_4_srl_rtl_160
INFO: [VRFC 10-311] analyzing module sc_util_v1_0_4_srl_rtl_161
INFO: [VRFC 10-311] analyzing module sc_util_v1_0_4_srl_rtl_162
INFO: [VRFC 10-311] analyzing module sc_util_v1_0_4_srl_rtl_163
INFO: [VRFC 10-311] analyzing module sc_util_v1_0_4_srl_rtl_164
INFO: [VRFC 10-311] analyzing module sc_util_v1_0_4_srl_rtl_165
INFO: [VRFC 10-311] analyzing module sc_util_v1_0_4_srl_rtl_166
INFO: [VRFC 10-311] analyzing module sc_util_v1_0_4_srl_rtl_167
INFO: [VRFC 10-311] analyzing module sc_util_v1_0_4_srl_rtl_168
INFO: [VRFC 10-311] analyzing module sc_util_v1_0_4_srl_rtl_169
INFO: [VRFC 10-311] analyzing module sc_util_v1_0_4_srl_rtl_170
INFO: [VRFC 10-311] analyzing module sc_util_v1_0_4_srl_rtl_171
INFO: [VRFC 10-311] analyzing module sc_util_v1_0_4_srl_rtl_172
INFO: [VRFC 10-311] analyzing module sc_util_v1_0_4_srl_rtl_227
INFO: [VRFC 10-311] analyzing module sc_util_v1_0_4_srl_rtl_228
INFO: [VRFC 10-311] analyzing module sc_util_v1_0_4_srl_rtl_229
INFO: [VRFC 10-311] analyzing module sc_util_v1_0_4_srl_rtl_230
INFO: [VRFC 10-311] analyzing module sc_util_v1_0_4_srl_rtl_231
INFO: [VRFC 10-311] analyzing module sc_util_v1_0_4_srl_rtl_232
INFO: [VRFC 10-311] analyzing module sc_util_v1_0_4_srl_rtl_233
INFO: [VRFC 10-311] analyzing module sc_util_v1_0_4_srl_rtl_234
INFO: [VRFC 10-311] analyzing module sc_util_v1_0_4_srl_rtl_235
INFO: [VRFC 10-311] analyzing module sc_util_v1_0_4_srl_rtl_236
INFO: [VRFC 10-311] analyzing module sc_util_v1_0_4_srl_rtl_237
INFO: [VRFC 10-311] analyzing module sc_util_v1_0_4_srl_rtl_238
INFO: [VRFC 10-311] analyzing module sc_util_v1_0_4_srl_rtl_239
INFO: [VRFC 10-311] analyzing module sc_util_v1_0_4_srl_rtl_240
INFO: [VRFC 10-311] analyzing module sc_util_v1_0_4_srl_rtl_241
INFO: [VRFC 10-311] analyzing module sc_util_v1_0_4_srl_rtl_242
INFO: [VRFC 10-311] analyzing module sc_util_v1_0_4_srl_rtl_290
INFO: [VRFC 10-311] analyzing module sc_util_v1_0_4_srl_rtl_291
INFO: [VRFC 10-311] analyzing module sc_util_v1_0_4_srl_rtl_292
INFO: [VRFC 10-311] analyzing module sc_util_v1_0_4_srl_rtl_293
INFO: [VRFC 10-311] analyzing module sc_util_v1_0_4_srl_rtl_294
INFO: [VRFC 10-311] analyzing module sc_util_v1_0_4_srl_rtl_295
INFO: [VRFC 10-311] analyzing module sc_util_v1_0_4_srl_rtl_296
INFO: [VRFC 10-311] analyzing module sc_util_v1_0_4_srl_rtl_297
INFO: [VRFC 10-311] analyzing module sc_util_v1_0_4_srl_rtl_298
INFO: [VRFC 10-311] analyzing module sc_util_v1_0_4_srl_rtl_299
INFO: [VRFC 10-311] analyzing module sc_util_v1_0_4_srl_rtl_300
INFO: [VRFC 10-311] analyzing module sc_util_v1_0_4_srl_rtl_301
INFO: [VRFC 10-311] analyzing module sc_util_v1_0_4_srl_rtl_302
INFO: [VRFC 10-311] analyzing module sc_util_v1_0_4_srl_rtl_303
INFO: [VRFC 10-311] analyzing module sc_util_v1_0_4_srl_rtl_304
INFO: [VRFC 10-311] analyzing module sc_util_v1_0_4_srl_rtl_305
INFO: [VRFC 10-311] analyzing module sc_util_v1_0_4_srl_rtl_91
INFO: [VRFC 10-311] analyzing module sc_util_v1_0_4_srl_rtl_92
INFO: [VRFC 10-311] analyzing module sc_util_v1_0_4_srl_rtl_93
INFO: [VRFC 10-311] analyzing module sc_util_v1_0_4_srl_rtl_94
INFO: [VRFC 10-311] analyzing module sc_util_v1_0_4_srl_rtl_95
INFO: [VRFC 10-311] analyzing module sc_util_v1_0_4_srl_rtl_96
INFO: [VRFC 10-311] analyzing module sc_util_v1_0_4_srl_rtl_97
INFO: [VRFC 10-311] analyzing module sc_util_v1_0_4_srl_rtl_98
INFO: [VRFC 10-311] analyzing module sc_util_v1_0_4_srl_rtl_99
INFO: [VRFC 10-311] analyzing module sc_util_v1_0_4_xpm_memory_fifo
INFO: [VRFC 10-311] analyzing module sc_util_v1_0_4_xpm_memory_fifo__parameterized0
INFO: [VRFC 10-311] analyzing module sc_util_v1_0_4_xpm_memory_fifo__parameterized0__xdcDup__1
INFO: [VRFC 10-311] analyzing module sc_util_v1_0_4_xpm_memory_fifo__parameterized0__xdcDup__2
INFO: [VRFC 10-311] analyzing module sc_util_v1_0_4_xpm_memory_fifo__parameterized0__xdcDup__3
INFO: [VRFC 10-311] analyzing module sc_util_v1_0_4_xpm_memory_fifo__parameterized0__xdcDup__4
INFO: [VRFC 10-311] analyzing module sc_util_v1_0_4_xpm_memory_fifo__parameterized0__xdcDup__5
INFO: [VRFC 10-311] analyzing module sc_util_v1_0_4_xpm_memory_fifo__parameterized1
INFO: [VRFC 10-311] analyzing module sc_util_v1_0_4_xpm_memory_fifo__parameterized10
INFO: [VRFC 10-311] analyzing module sc_util_v1_0_4_xpm_memory_fifo__parameterized11
INFO: [VRFC 10-311] analyzing module sc_util_v1_0_4_xpm_memory_fifo__parameterized12
INFO: [VRFC 10-311] analyzing module sc_util_v1_0_4_xpm_memory_fifo__parameterized13
INFO: [VRFC 10-311] analyzing module sc_util_v1_0_4_xpm_memory_fifo__parameterized1__xdcDup__1
INFO: [VRFC 10-311] analyzing module sc_util_v1_0_4_xpm_memory_fifo__parameterized1__xdcDup__2
INFO: [VRFC 10-311] analyzing module sc_util_v1_0_4_xpm_memory_fifo__parameterized1__xdcDup__3
INFO: [VRFC 10-311] analyzing module sc_util_v1_0_4_xpm_memory_fifo__parameterized2
INFO: [VRFC 10-311] analyzing module sc_util_v1_0_4_xpm_memory_fifo__parameterized2__xdcDup__1
INFO: [VRFC 10-311] analyzing module sc_util_v1_0_4_xpm_memory_fifo__parameterized2__xdcDup__2
INFO: [VRFC 10-311] analyzing module sc_util_v1_0_4_xpm_memory_fifo__parameterized3
INFO: [VRFC 10-311] analyzing module sc_util_v1_0_4_xpm_memory_fifo__parameterized4
INFO: [VRFC 10-311] analyzing module sc_util_v1_0_4_xpm_memory_fifo__parameterized5
INFO: [VRFC 10-311] analyzing module sc_util_v1_0_4_xpm_memory_fifo__parameterized5__xdcDup__1
INFO: [VRFC 10-311] analyzing module sc_util_v1_0_4_xpm_memory_fifo__parameterized6
INFO: [VRFC 10-311] analyzing module sc_util_v1_0_4_xpm_memory_fifo__parameterized6__xdcDup__1
INFO: [VRFC 10-311] analyzing module sc_util_v1_0_4_xpm_memory_fifo__parameterized7
INFO: [VRFC 10-311] analyzing module sc_util_v1_0_4_xpm_memory_fifo__parameterized7__xdcDup__1
INFO: [VRFC 10-311] analyzing module sc_util_v1_0_4_xpm_memory_fifo__parameterized8
INFO: [VRFC 10-311] analyzing module sc_util_v1_0_4_xpm_memory_fifo__parameterized8__xdcDup__1
INFO: [VRFC 10-311] analyzing module sc_util_v1_0_4_xpm_memory_fifo__parameterized9
INFO: [VRFC 10-311] analyzing module sc_util_v1_0_4_xpm_memory_fifo__parameterized9__xdcDup__1
INFO: [VRFC 10-311] analyzing module sc_util_v1_0_4_xpm_memory_fifo__xdcDup__1
INFO: [VRFC 10-311] analyzing module sc_util_v1_0_4_xpm_memory_fifo__xdcDup__10
INFO: [VRFC 10-311] analyzing module sc_util_v1_0_4_xpm_memory_fifo__xdcDup__2
INFO: [VRFC 10-311] analyzing module sc_util_v1_0_4_xpm_memory_fifo__xdcDup__3
INFO: [VRFC 10-311] analyzing module sc_util_v1_0_4_xpm_memory_fifo__xdcDup__4
INFO: [VRFC 10-311] analyzing module sc_util_v1_0_4_xpm_memory_fifo__xdcDup__5
INFO: [VRFC 10-311] analyzing module sc_util_v1_0_4_xpm_memory_fifo__xdcDup__6
INFO: [VRFC 10-311] analyzing module sc_util_v1_0_4_xpm_memory_fifo__xdcDup__7
INFO: [VRFC 10-311] analyzing module sc_util_v1_0_4_xpm_memory_fifo__xdcDup__8
INFO: [VRFC 10-311] analyzing module sc_util_v1_0_4_xpm_memory_fifo__xdcDup__9
INFO: [VRFC 10-311] analyzing module blk_mem_gen_generic_cstr
INFO: [VRFC 10-311] analyzing module blk_mem_gen_generic_cstr_6
INFO: [VRFC 10-311] analyzing module blk_mem_gen_prim_width
INFO: [VRFC 10-311] analyzing module blk_mem_gen_prim_width_7
INFO: [VRFC 10-311] analyzing module blk_mem_gen_prim_width__parameterized0
INFO: [VRFC 10-311] analyzing module blk_mem_gen_prim_width__parameterized0_8
INFO: [VRFC 10-311] analyzing module blk_mem_gen_prim_wrapper
INFO: [VRFC 10-311] analyzing module blk_mem_gen_prim_wrapper_10
INFO: [VRFC 10-311] analyzing module blk_mem_gen_prim_wrapper__parameterized0
INFO: [VRFC 10-311] analyzing module blk_mem_gen_prim_wrapper__parameterized0_9
INFO: [VRFC 10-311] analyzing module blk_mem_gen_top
INFO: [VRFC 10-311] analyzing module blk_mem_gen_top_5
INFO: [VRFC 10-311] analyzing module blk_mem_gen_v8_4_6
INFO: [VRFC 10-311] analyzing module blk_mem_gen_v8_4_6__1
INFO: [VRFC 10-311] analyzing module blk_mem_gen_v8_4_6_synth
INFO: [VRFC 10-311] analyzing module blk_mem_gen_v8_4_6_synth_4
INFO: [VRFC 10-311] analyzing module dmem
INFO: [VRFC 10-311] analyzing module dmem__parameterized0
INFO: [VRFC 10-311] analyzing module dmem__parameterized0_25
INFO: [VRFC 10-311] analyzing module fifo_generator_ramfifo
INFO: [VRFC 10-311] analyzing module fifo_generator_ramfifo__parameterized0
INFO: [VRFC 10-311] analyzing module fifo_generator_ramfifo__parameterized0__xdcDup__1
INFO: [VRFC 10-311] analyzing module fifo_generator_top
INFO: [VRFC 10-311] analyzing module fifo_generator_top__parameterized0
INFO: [VRFC 10-311] analyzing module fifo_generator_top__parameterized0__xdcDup__1
INFO: [VRFC 10-311] analyzing module fifo_generator_v13_2_8
INFO: [VRFC 10-311] analyzing module fifo_generator_v13_2_8__parameterized0
INFO: [VRFC 10-311] analyzing module fifo_generator_v13_2_8__parameterized0__xdcDup__1
INFO: [VRFC 10-311] analyzing module fifo_generator_v13_2_8_synth
INFO: [VRFC 10-311] analyzing module fifo_generator_v13_2_8_synth__parameterized0
INFO: [VRFC 10-311] analyzing module fifo_generator_v13_2_8_synth__parameterized0__xdcDup__1
INFO: [VRFC 10-311] analyzing module memory
INFO: [VRFC 10-311] analyzing module memory__parameterized0
INFO: [VRFC 10-311] analyzing module memory__parameterized0_24
INFO: [VRFC 10-311] analyzing module rd_bin_cntr
INFO: [VRFC 10-311] analyzing module rd_bin_cntr_21
INFO: [VRFC 10-311] analyzing module rd_bin_cntr_30
INFO: [VRFC 10-311] analyzing module rd_fwft
INFO: [VRFC 10-311] analyzing module rd_fwft_19
INFO: [VRFC 10-311] analyzing module rd_fwft_28
INFO: [VRFC 10-311] analyzing module rd_logic
INFO: [VRFC 10-311] analyzing module rd_logic_15
INFO: [VRFC 10-311] analyzing module rd_logic_22
INFO: [VRFC 10-311] analyzing module rd_status_flags_ss
INFO: [VRFC 10-311] analyzing module rd_status_flags_ss_20
INFO: [VRFC 10-311] analyzing module rd_status_flags_ss_29
INFO: [VRFC 10-311] analyzing module reset_blk_ramfifo
INFO: [VRFC 10-311] analyzing module reset_blk_ramfifo__xdcDup__1
INFO: [VRFC 10-311] analyzing module reset_blk_ramfifo__xdcDup__2
INFO: [VRFC 10-311] analyzing module wr_bin_cntr
INFO: [VRFC 10-311] analyzing module wr_bin_cntr_18
INFO: [VRFC 10-311] analyzing module wr_bin_cntr_27
INFO: [VRFC 10-311] analyzing module wr_logic
INFO: [VRFC 10-311] analyzing module wr_logic_16
INFO: [VRFC 10-311] analyzing module wr_logic_23
INFO: [VRFC 10-311] analyzing module wr_status_flags_ss
INFO: [VRFC 10-311] analyzing module wr_status_flags_ss_17
INFO: [VRFC 10-311] analyzing module wr_status_flags_ss_26
INFO: [VRFC 10-311] analyzing module glbl
INFO: [VRFC 10-2263] Analyzing Verilog file "C:/Users/VICTUS/Downloads/Steganography-main/Steganography-main/src/control_unit.v" into library xil_defaultlib
INFO: [VRFC 10-311] analyzing module control_unit
WARNING: [VRFC 10-3609] overwriting previous definition of module 'control_unit' [C:/Users/VICTUS/Downloads/Steganography-main/Steganography-main/src/control_unit.v:3]
INFO: [VRFC 10-2263] Analyzing Verilog file "C:/Users/VICTUS/Downloads/Steganography-main/Steganography-main/src/ctrl_rd_bram.v" into library xil_defaultlib
INFO: [VRFC 10-311] analyzing module ctrl_rd_bram
WARNING: [VRFC 10-3609] overwriting previous definition of module 'ctrl_rd_bram' [C:/Users/VICTUS/Downloads/Steganography-main/Steganography-main/src/ctrl_rd_bram.v:3]
INFO: [VRFC 10-2263] Analyzing Verilog file "C:/Users/VICTUS/Downloads/Steganography-main/Steganography-main/src/ctrl_wr_bram.v" into library xil_defaultlib
INFO: [VRFC 10-311] analyzing module ctrl_wr_bram
WARNING: [VRFC 10-3609] overwriting previous definition of module 'ctrl_wr_bram' [C:/Users/VICTUS/Downloads/Steganography-main/Steganography-main/src/ctrl_wr_bram.v:2]
INFO: [VRFC 10-2263] Analyzing Verilog file "C:/Users/VICTUS/Downloads/Steganography-main/Steganography-main/src/fifo.v" into library xil_defaultlib
INFO: [VRFC 10-311] analyzing module fifo
WARNING: [VRFC 10-3609] overwriting previous definition of module 'fifo' [C:/Users/VICTUS/Downloads/Steganography-main/Steganography-main/src/fifo.v:3]
INFO: [VRFC 10-2263] Analyzing Verilog file "C:/Users/VICTUS/Downloads/Steganography-main/Steganography-main/src/sgpp.v" into library xil_defaultlib
INFO: [VRFC 10-311] analyzing module sgpp
WARNING: [VRFC 10-3609] overwriting previous definition of module 'sgpp' [C:/Users/VICTUS/Downloads/Steganography-main/Steganography-main/src/sgpp.v:3]
INFO: [VRFC 10-2263] Analyzing Verilog file "C:/Users/VICTUS/Downloads/Steganography-main/Steganography-main/src/steganography.v" into library xil_defaultlib
INFO: [VRFC 10-311] analyzing module steganography
WARNING: [VRFC 10-3609] overwriting previous definition of module 'steganography' [C:/Users/VICTUS/Downloads/Steganography-main/Steganography-main/src/steganography.v:2]
